{
  "uid" : "249362ea62d620a9",
  "name" : "T_008 click on Non-Catalog Part and enter the value",
  "fullName" : "tests.tech.TechWoParts.clickOnNonCatalogPart_enterValue",
  "historyId" : "c3f9942bca0d03bfaa5314c8fe6410a7",
  "time" : {
    "start" : 1709876225625,
    "stop" : 1709876339653,
    "duration" : 114028
  },
  "description" : "Test Description - click on Non-Catalog Part and enter the value",
  "descriptionHtml" : "<p>Test Description - click on Non-Catalog Part and enter the value</p>\n",
  "status" : "passed",
  "flaky" : false,
  "newFailed" : false,
  "beforeStages" : [ {
    "name" : "initialization",
    "time" : {
      "start" : 1709875600503,
      "stop" : 1709875647261,
      "duration" : 46758
    },
    "description" : "",
    "status" : "passed",
    "steps" : [ ],
    "attachments" : [ ],
    "parameters" : [ ],
    "attachmentsCount" : 0,
    "shouldDisplayMessage" : false,
    "hasContent" : false,
    "stepsCount" : 0
  } ],
  "testStage" : {
    "description" : "Test Description - click on Non-Catalog Part and enter the value",
    "status" : "passed",
    "steps" : [ ],
    "attachments" : [ {
      "uid" : "d4517310ae80a075",
      "name" : "Page Screenshot",
      "source" : "d4517310ae80a075.png",
      "type" : "image/png",
      "size" : 86712
    }, {
      "uid" : "767d4eb8ac257374",
      "name" : "Page Screenshot",
      "source" : "767d4eb8ac257374.png",
      "type" : "image/png",
      "size" : 86687
    }, {
      "uid" : "396ba454182e9061",
      "name" : "Page Screenshot",
      "source" : "396ba454182e9061.png",
      "type" : "image/png",
      "size" : 87484
    }, {
      "uid" : "56ed5220b3c4286a",
      "name" : "Page Screenshot",
      "source" : "56ed5220b3c4286a.png",
      "type" : "image/png",
      "size" : 88505
    }, {
      "uid" : "c0798cf965ded40d",
      "name" : "Page Screenshot",
      "source" : "c0798cf965ded40d.png",
      "type" : "image/png",
      "size" : 88294
    }, {
      "uid" : "a8bb2919df7876d2",
      "name" : "Page Screenshot",
      "source" : "a8bb2919df7876d2.png",
      "type" : "image/png",
      "size" : 93057
    }, {
      "uid" : "d84a94238ff0d338",
      "name" : "Page Screenshot",
      "source" : "d84a94238ff0d338.png",
      "type" : "image/png",
      "size" : 93057
    }, {
      "uid" : "ddcf0b86af289bc3",
      "name" : "Page Screenshot",
      "source" : "ddcf0b86af289bc3.png",
      "type" : "image/png",
      "size" : 93057
    } ],
    "parameters" : [ ],
    "attachmentsCount" : 8,
    "shouldDisplayMessage" : false,
    "hasContent" : true,
    "stepsCount" : 0
  },
  "afterStages" : [ {
    "name" : "afterMethodTakeScreenShot",
    "time" : {
      "start" : 1709876339672,
      "stop" : 1709876339811,
      "duration" : 139
    },
    "description" : "",
    "status" : "passed",
    "steps" : [ ],
    "attachments" : [ {
      "uid" : "805dc6b9159dc23c",
      "name" : "Page Screenshot",
      "source" : "805dc6b9159dc23c.png",
      "type" : "image/png",
      "size" : 93057
    } ],
    "parameters" : [ ],
    "attachmentsCount" : 1,
    "shouldDisplayMessage" : false,
    "hasContent" : true,
    "stepsCount" : 0
  }, {
    "name" : "generateAllure",
    "time" : {
      "start" : 1709876567149,
      "stop" : 1709876567178,
      "duration" : 29
    },
    "description" : "",
    "status" : "broken",
    "statusMessage" : "Cannot run program \"F:\\NewGitFinal\\RefactorScript\\allure-2.13.6\\bin\\allure.bat\": CreateProcess error=2, The system cannot find the file specified",
    "statusTrace" : "java.io.IOException: Cannot run program \"F:\\NewGitFinal\\RefactorScript\\allure-2.13.6\\bin\\allure.bat\": CreateProcess error=2, The system cannot find the file specified\r\n\tat java.base/java.lang.ProcessBuilder.start(ProcessBuilder.java:1143)\r\n\tat java.base/java.lang.ProcessBuilder.start(ProcessBuilder.java:1073)\r\n\tat java.base/java.lang.Runtime.exec(Runtime.java:615)\r\n\tat java.base/java.lang.Runtime.exec(Runtime.java:439)\r\n\tat java.base/java.lang.Runtime.exec(Runtime.java:322)\r\n\tat tests.TestDriverActions.generateAllure(TestDriverActions.java:670)\r\n\tat java.base/jdk.internal.reflect.DirectMethodHandleAccessor.invoke(DirectMethodHandleAccessor.java:104)\r\n\tat java.base/java.lang.reflect.Method.invoke(Method.java:577)\r\n\tat org.testng.internal.MethodInvocationHelper.invokeMethod(MethodInvocationHelper.java:86)\r\n\tat org.testng.internal.Invoker.invokeConfigurationMethod(Invoker.java:514)\r\n\tat org.testng.internal.Invoker.invokeConfigurations(Invoker.java:215)\r\n\tat org.testng.internal.Invoker.invokeConfigurations(Invoker.java:142)\r\n\tat org.testng.SuiteRunner.privateRun(SuiteRunner.java:336)\r\n\tat org.testng.SuiteRunner.run(SuiteRunner.java:268)\r\n\tat org.testng.SuiteRunnerWorker.runSuite(SuiteRunnerWorker.java:52)\r\n\tat org.testng.SuiteRunnerWorker.run(SuiteRunnerWorker.java:86)\r\n\tat org.testng.TestNG.runSuitesSequentially(TestNG.java:1244)\r\n\tat org.testng.TestNG.runSuitesLocally(TestNG.java:1169)\r\n\tat org.testng.TestNG.run(TestNG.java:1064)\r\n\tat org.apache.maven.surefire.testng.TestNGExecutor.run(TestNGExecutor.java:135)\r\n\tat org.apache.maven.surefire.testng.TestNGDirectoryTestSuite.executeSingleClass(TestNGDirectoryTestSuite.java:112)\r\n\tat org.apache.maven.surefire.testng.TestNGDirectoryTestSuite.execute(TestNGDirectoryTestSuite.java:99)\r\n\tat org.apache.maven.surefire.testng.TestNGProvider.invoke(TestNGProvider.java:146)\r\n\tat org.apache.maven.surefire.booter.ForkedBooter.invokeProviderInSameClassLoader(ForkedBooter.java:386)\r\n\tat org.apache.maven.surefire.booter.ForkedBooter.runSuitesInProcess(ForkedBooter.java:323)\r\n\tat org.apache.maven.surefire.booter.ForkedBooter.main(ForkedBooter.java:143)\r\nCaused by: java.io.IOException: CreateProcess error=2, The system cannot find the file specified\r\n\tat java.base/java.lang.ProcessImpl.create(Native Method)\r\n\tat java.base/java.lang.ProcessImpl.<init>(ProcessImpl.java:494)\r\n\tat java.base/java.lang.ProcessImpl.start(ProcessImpl.java:159)\r\n\tat java.base/java.lang.ProcessBuilder.start(ProcessBuilder.java:1110)\r\n\t... 25 more\r\n",
    "steps" : [ ],
    "attachments" : [ ],
    "parameters" : [ ],
    "attachmentsCount" : 0,
    "shouldDisplayMessage" : true,
    "hasContent" : true,
    "stepsCount" : 0
  } ],
  "labels" : [ {
    "name" : "package",
    "value" : "tests.tech.TechWoParts"
  }, {
    "name" : "testClass",
    "value" : "tests.tech.TechWoParts"
  }, {
    "name" : "testMethod",
    "value" : "clickOnNonCatalogPart_enterValue"
  }, {
    "name" : "parentSuite",
    "value" : "Surefire suite"
  }, {
    "name" : "suite",
    "value" : "Surefire test"
  }, {
    "name" : "subSuite",
    "value" : "tests.tech.TechWoParts"
  }, {
    "name" : "host",
    "value" : "DESKTOP-HN0C78P"
  }, {
    "name" : "thread",
    "value" : "14260@DESKTOP-HN0C78P.main(1)"
  }, {
    "name" : "framework",
    "value" : "testng"
  }, {
    "name" : "language",
    "value" : "java"
  }, {
    "name" : "feature",
    "value" : "WoParts Test"
  }, {
    "name" : "epic",
    "value" : "Regression Test"
  }, {
    "name" : "resultFormat",
    "value" : "allure2"
  } ],
  "parameters" : [ ],
  "links" : [ ],
  "hidden" : true,
  "retry" : true,
  "extra" : {
    "categories" : [ ],
    "tags" : [ ]
  },
  "source" : "249362ea62d620a9.json",
  "parameterValues" : [ ]
}