{
  "uid" : "3865db599cce0ffc",
  "name" : "T_008 click on Non-Catalog Part and enter the value",
  "fullName" : "tests.tech.TechWoParts.clickOnNonCatalogPart_enterValue",
  "historyId" : "c3f9942bca0d03bfaa5314c8fe6410a7",
  "time" : {
    "start" : 1709903112093,
    "stop" : 1709903225972,
    "duration" : 113879
  },
  "description" : "Test Description - click on Non-Catalog Part and enter the value",
  "descriptionHtml" : "<p>Test Description - click on Non-Catalog Part and enter the value</p>\n",
  "status" : "passed",
  "flaky" : false,
  "newFailed" : false,
  "beforeStages" : [ {
    "name" : "initialization",
    "time" : {
      "start" : 1709902582558,
      "stop" : 1709902633148,
      "duration" : 50590
    },
    "description" : "",
    "status" : "passed",
    "steps" : [ ],
    "attachments" : [ ],
    "parameters" : [ ],
    "attachmentsCount" : 0,
    "shouldDisplayMessage" : false,
    "hasContent" : false,
    "stepsCount" : 0
  } ],
  "testStage" : {
    "description" : "Test Description - click on Non-Catalog Part and enter the value",
    "status" : "passed",
    "steps" : [ ],
    "attachments" : [ {
      "uid" : "f5a146eb94a96ae5",
      "name" : "Page Screenshot",
      "source" : "f5a146eb94a96ae5.png",
      "type" : "image/png",
      "size" : 81360
    }, {
      "uid" : "5722c0a056386df6",
      "name" : "Page Screenshot",
      "source" : "5722c0a056386df6.png",
      "type" : "image/png",
      "size" : 79625
    }, {
      "uid" : "ada5973b960c49e",
      "name" : "Page Screenshot",
      "source" : "ada5973b960c49e.png",
      "type" : "image/png",
      "size" : 80655
    }, {
      "uid" : "ec7d378b718bd78e",
      "name" : "Page Screenshot",
      "source" : "ec7d378b718bd78e.png",
      "type" : "image/png",
      "size" : 81701
    }, {
      "uid" : "dcce54ddd0f8c882",
      "name" : "Page Screenshot",
      "source" : "dcce54ddd0f8c882.png",
      "type" : "image/png",
      "size" : 81461
    }, {
      "uid" : "93087c432da252e9",
      "name" : "Page Screenshot",
      "source" : "93087c432da252e9.png",
      "type" : "image/png",
      "size" : 86385
    }, {
      "uid" : "bd8511ca82d831b2",
      "name" : "Page Screenshot",
      "source" : "bd8511ca82d831b2.png",
      "type" : "image/png",
      "size" : 86385
    }, {
      "uid" : "8aec167959a82561",
      "name" : "Page Screenshot",
      "source" : "8aec167959a82561.png",
      "type" : "image/png",
      "size" : 86385
    } ],
    "parameters" : [ ],
    "attachmentsCount" : 8,
    "shouldDisplayMessage" : false,
    "hasContent" : true,
    "stepsCount" : 0
  },
  "afterStages" : [ {
    "name" : "afterMethodTakeScreenShot",
    "time" : {
      "start" : 1709903225974,
      "stop" : 1709903226082,
      "duration" : 108
    },
    "description" : "",
    "status" : "passed",
    "steps" : [ ],
    "attachments" : [ {
      "uid" : "8f113b591491fbe7",
      "name" : "Page Screenshot",
      "source" : "8f113b591491fbe7.png",
      "type" : "image/png",
      "size" : 86385
    } ],
    "parameters" : [ ],
    "attachmentsCount" : 1,
    "shouldDisplayMessage" : false,
    "hasContent" : true,
    "stepsCount" : 0
  }, {
    "name" : "generateAllure",
    "time" : {
      "start" : 1709903482326,
      "stop" : 1709903482348,
      "duration" : 22
    },
    "description" : "",
    "status" : "broken",
    "statusMessage" : "Cannot run program \"F:\\NewGitFinal\\RefactorScript\\allure-2.13.6\\bin\\allure.bat\": CreateProcess error=2, The system cannot find the file specified",
    "statusTrace" : "java.io.IOException: Cannot run program \"F:\\NewGitFinal\\RefactorScript\\allure-2.13.6\\bin\\allure.bat\": CreateProcess error=2, The system cannot find the file specified\r\n\tat java.base/java.lang.ProcessBuilder.start(ProcessBuilder.java:1143)\r\n\tat java.base/java.lang.ProcessBuilder.start(ProcessBuilder.java:1073)\r\n\tat java.base/java.lang.Runtime.exec(Runtime.java:615)\r\n\tat java.base/java.lang.Runtime.exec(Runtime.java:439)\r\n\tat java.base/java.lang.Runtime.exec(Runtime.java:322)\r\n\tat tests.TestDriverActions.generateAllure(TestDriverActions.java:670)\r\n\tat java.base/jdk.internal.reflect.DirectMethodHandleAccessor.invoke(DirectMethodHandleAccessor.java:104)\r\n\tat java.base/java.lang.reflect.Method.invoke(Method.java:577)\r\n\tat org.testng.internal.MethodInvocationHelper.invokeMethod(MethodInvocationHelper.java:86)\r\n\tat org.testng.internal.Invoker.invokeConfigurationMethod(Invoker.java:514)\r\n\tat org.testng.internal.Invoker.invokeConfigurations(Invoker.java:215)\r\n\tat org.testng.internal.Invoker.invokeConfigurations(Invoker.java:142)\r\n\tat org.testng.SuiteRunner.privateRun(SuiteRunner.java:336)\r\n\tat org.testng.SuiteRunner.run(SuiteRunner.java:268)\r\n\tat org.testng.SuiteRunnerWorker.runSuite(SuiteRunnerWorker.java:52)\r\n\tat org.testng.SuiteRunnerWorker.run(SuiteRunnerWorker.java:86)\r\n\tat org.testng.TestNG.runSuitesSequentially(TestNG.java:1244)\r\n\tat org.testng.TestNG.runSuitesLocally(TestNG.java:1169)\r\n\tat org.testng.TestNG.run(TestNG.java:1064)\r\n\tat org.apache.maven.surefire.testng.TestNGExecutor.run(TestNGExecutor.java:135)\r\n\tat org.apache.maven.surefire.testng.TestNGDirectoryTestSuite.executeSingleClass(TestNGDirectoryTestSuite.java:112)\r\n\tat org.apache.maven.surefire.testng.TestNGDirectoryTestSuite.execute(TestNGDirectoryTestSuite.java:99)\r\n\tat org.apache.maven.surefire.testng.TestNGProvider.invoke(TestNGProvider.java:146)\r\n\tat org.apache.maven.surefire.booter.ForkedBooter.invokeProviderInSameClassLoader(ForkedBooter.java:386)\r\n\tat org.apache.maven.surefire.booter.ForkedBooter.runSuitesInProcess(ForkedBooter.java:323)\r\n\tat org.apache.maven.surefire.booter.ForkedBooter.main(ForkedBooter.java:143)\r\nCaused by: java.io.IOException: CreateProcess error=2, The system cannot find the file specified\r\n\tat java.base/java.lang.ProcessImpl.create(Native Method)\r\n\tat java.base/java.lang.ProcessImpl.<init>(ProcessImpl.java:494)\r\n\tat java.base/java.lang.ProcessImpl.start(ProcessImpl.java:159)\r\n\tat java.base/java.lang.ProcessBuilder.start(ProcessBuilder.java:1110)\r\n\t... 25 more\r\n",
    "steps" : [ ],
    "attachments" : [ ],
    "parameters" : [ ],
    "attachmentsCount" : 0,
    "shouldDisplayMessage" : true,
    "hasContent" : true,
    "stepsCount" : 0
  } ],
  "labels" : [ {
    "name" : "package",
    "value" : "tests.tech.TechWoParts"
  }, {
    "name" : "testClass",
    "value" : "tests.tech.TechWoParts"
  }, {
    "name" : "testMethod",
    "value" : "clickOnNonCatalogPart_enterValue"
  }, {
    "name" : "parentSuite",
    "value" : "Surefire suite"
  }, {
    "name" : "suite",
    "value" : "Surefire test"
  }, {
    "name" : "subSuite",
    "value" : "tests.tech.TechWoParts"
  }, {
    "name" : "host",
    "value" : "DESKTOP-HN0C78P"
  }, {
    "name" : "thread",
    "value" : "17368@DESKTOP-HN0C78P.main(1)"
  }, {
    "name" : "framework",
    "value" : "testng"
  }, {
    "name" : "language",
    "value" : "java"
  }, {
    "name" : "epic",
    "value" : "Regression Test"
  }, {
    "name" : "feature",
    "value" : "WoParts Test"
  }, {
    "name" : "resultFormat",
    "value" : "allure2"
  } ],
  "parameters" : [ ],
  "links" : [ ],
  "hidden" : false,
  "retry" : false,
  "extra" : {
    "severity" : "normal",
    "retries" : [ {
      "uid" : "59038d6956234774",
      "status" : "passed",
      "time" : {
        "start" : 1709895502138,
        "stop" : 1709895616129,
        "duration" : 113991
      }
    }, {
      "uid" : "923a1e3c87f82e9a",
      "status" : "passed",
      "time" : {
        "start" : 1709893434023,
        "stop" : 1709893547748,
        "duration" : 113725
      }
    }, {
      "uid" : "249362ea62d620a9",
      "status" : "passed",
      "time" : {
        "start" : 1709876225625,
        "stop" : 1709876339653,
        "duration" : 114028
      }
    } ],
    "categories" : [ ],
    "tags" : [ ]
  },
  "source" : "3865db599cce0ffc.json",
  "parameterValues" : [ ]
}