{
  "uid" : "3dd433d821eb7ba1",
  "name" : "T_008 Check that again add Aerodynamic Device ",
  "fullName" : "tests.tech.TechWoLabor.again_Add_AeroDynamicDevice",
  "historyId" : "b31d66ff6eb479f35e77a487416b9cc6",
  "time" : {
    "start" : 1709882535340,
    "stop" : 1709882699102,
    "duration" : 163762
  },
  "description" : "Test Description - Check that again add Aerodynamic Device",
  "descriptionHtml" : "<p>Test Description - Check that again add Aerodynamic Device</p>\n",
  "status" : "passed",
  "flaky" : false,
  "newFailed" : false,
  "beforeStages" : [ {
    "name" : "initialization",
    "time" : {
      "start" : 1709881759774,
      "stop" : 1709881807862,
      "duration" : 48088
    },
    "description" : "",
    "status" : "passed",
    "steps" : [ ],
    "attachments" : [ ],
    "parameters" : [ ],
    "attachmentsCount" : 0,
    "shouldDisplayMessage" : false,
    "hasContent" : false,
    "stepsCount" : 0
  } ],
  "testStage" : {
    "description" : "Test Description - Check that again add Aerodynamic Device",
    "status" : "passed",
    "steps" : [ ],
    "attachments" : [ {
      "uid" : "d5523e1ed0d5677a",
      "name" : "Page Screenshot",
      "source" : "d5523e1ed0d5677a.png",
      "type" : "image/png",
      "size" : 89718
    }, {
      "uid" : "8af5a0da009183fd",
      "name" : "Page Screenshot",
      "source" : "8af5a0da009183fd.png",
      "type" : "image/png",
      "size" : 99321
    }, {
      "uid" : "d2965e761a3ad03b",
      "name" : "Page Screenshot",
      "source" : "d2965e761a3ad03b.png",
      "type" : "image/png",
      "size" : 100242
    }, {
      "uid" : "fb2aa328e08df7d1",
      "name" : "Page Screenshot",
      "source" : "fb2aa328e08df7d1.png",
      "type" : "image/png",
      "size" : 67289
    }, {
      "uid" : "ce75306d7f4318ef",
      "name" : "Page Screenshot",
      "source" : "ce75306d7f4318ef.png",
      "type" : "image/png",
      "size" : 85591
    }, {
      "uid" : "f018c638814fef6",
      "name" : "Page Screenshot",
      "source" : "f018c638814fef6.png",
      "type" : "image/png",
      "size" : 85591
    }, {
      "uid" : "7c8d31bdc3ee7f26",
      "name" : "Page Screenshot",
      "source" : "7c8d31bdc3ee7f26.png",
      "type" : "image/png",
      "size" : 64852
    }, {
      "uid" : "b12f5f140fad06f9",
      "name" : "Page Screenshot",
      "source" : "b12f5f140fad06f9.png",
      "type" : "image/png",
      "size" : 66441
    }, {
      "uid" : "20d3e220fb0b3a2",
      "name" : "Page Screenshot",
      "source" : "20d3e220fb0b3a2.png",
      "type" : "image/png",
      "size" : 76245
    }, {
      "uid" : "e922b724f0eb153f",
      "name" : "Page Screenshot",
      "source" : "e922b724f0eb153f.png",
      "type" : "image/png",
      "size" : 76245
    }, {
      "uid" : "3854323c6fb0edf0",
      "name" : "Page Screenshot",
      "source" : "3854323c6fb0edf0.png",
      "type" : "image/png",
      "size" : 76153
    } ],
    "parameters" : [ ],
    "attachmentsCount" : 11,
    "shouldDisplayMessage" : false,
    "hasContent" : true,
    "stepsCount" : 0
  },
  "afterStages" : [ {
    "name" : "afterMethodTakeScreenShot",
    "time" : {
      "start" : 1709882699105,
      "stop" : 1709882699240,
      "duration" : 135
    },
    "description" : "",
    "status" : "passed",
    "steps" : [ ],
    "attachments" : [ {
      "uid" : "47e7fe6728701085",
      "name" : "Page Screenshot",
      "source" : "47e7fe6728701085.png",
      "type" : "image/png",
      "size" : 76159
    } ],
    "parameters" : [ ],
    "attachmentsCount" : 1,
    "shouldDisplayMessage" : false,
    "hasContent" : true,
    "stepsCount" : 0
  }, {
    "name" : "generateAllure",
    "time" : {
      "start" : 1709883012682,
      "stop" : 1709883012717,
      "duration" : 35
    },
    "description" : "",
    "status" : "broken",
    "statusMessage" : "Cannot run program \"F:\\NewGitFinal\\RefactorScript\\allure-2.13.6\\bin\\allure.bat\": CreateProcess error=2, The system cannot find the file specified",
    "statusTrace" : "java.io.IOException: Cannot run program \"F:\\NewGitFinal\\RefactorScript\\allure-2.13.6\\bin\\allure.bat\": CreateProcess error=2, The system cannot find the file specified\r\n\tat java.base/java.lang.ProcessBuilder.start(ProcessBuilder.java:1143)\r\n\tat java.base/java.lang.ProcessBuilder.start(ProcessBuilder.java:1073)\r\n\tat java.base/java.lang.Runtime.exec(Runtime.java:615)\r\n\tat java.base/java.lang.Runtime.exec(Runtime.java:439)\r\n\tat java.base/java.lang.Runtime.exec(Runtime.java:322)\r\n\tat tests.TestDriverActions.generateAllure(TestDriverActions.java:670)\r\n\tat java.base/jdk.internal.reflect.DirectMethodHandleAccessor.invoke(DirectMethodHandleAccessor.java:104)\r\n\tat java.base/java.lang.reflect.Method.invoke(Method.java:577)\r\n\tat org.testng.internal.MethodInvocationHelper.invokeMethod(MethodInvocationHelper.java:86)\r\n\tat org.testng.internal.Invoker.invokeConfigurationMethod(Invoker.java:514)\r\n\tat org.testng.internal.Invoker.invokeConfigurations(Invoker.java:215)\r\n\tat org.testng.internal.Invoker.invokeConfigurations(Invoker.java:142)\r\n\tat org.testng.SuiteRunner.privateRun(SuiteRunner.java:336)\r\n\tat org.testng.SuiteRunner.run(SuiteRunner.java:268)\r\n\tat org.testng.SuiteRunnerWorker.runSuite(SuiteRunnerWorker.java:52)\r\n\tat org.testng.SuiteRunnerWorker.run(SuiteRunnerWorker.java:86)\r\n\tat org.testng.TestNG.runSuitesSequentially(TestNG.java:1244)\r\n\tat org.testng.TestNG.runSuitesLocally(TestNG.java:1169)\r\n\tat org.testng.TestNG.run(TestNG.java:1064)\r\n\tat org.apache.maven.surefire.testng.TestNGExecutor.run(TestNGExecutor.java:135)\r\n\tat org.apache.maven.surefire.testng.TestNGDirectoryTestSuite.executeSingleClass(TestNGDirectoryTestSuite.java:112)\r\n\tat org.apache.maven.surefire.testng.TestNGDirectoryTestSuite.execute(TestNGDirectoryTestSuite.java:99)\r\n\tat org.apache.maven.surefire.testng.TestNGProvider.invoke(TestNGProvider.java:146)\r\n\tat org.apache.maven.surefire.booter.ForkedBooter.invokeProviderInSameClassLoader(ForkedBooter.java:386)\r\n\tat org.apache.maven.surefire.booter.ForkedBooter.runSuitesInProcess(ForkedBooter.java:323)\r\n\tat org.apache.maven.surefire.booter.ForkedBooter.main(ForkedBooter.java:143)\r\nCaused by: java.io.IOException: CreateProcess error=2, The system cannot find the file specified\r\n\tat java.base/java.lang.ProcessImpl.create(Native Method)\r\n\tat java.base/java.lang.ProcessImpl.<init>(ProcessImpl.java:494)\r\n\tat java.base/java.lang.ProcessImpl.start(ProcessImpl.java:159)\r\n\tat java.base/java.lang.ProcessBuilder.start(ProcessBuilder.java:1110)\r\n\t... 25 more\r\n",
    "steps" : [ ],
    "attachments" : [ ],
    "parameters" : [ ],
    "attachmentsCount" : 0,
    "shouldDisplayMessage" : true,
    "hasContent" : true,
    "stepsCount" : 0
  } ],
  "labels" : [ {
    "name" : "package",
    "value" : "tests.tech.TechWoLabor"
  }, {
    "name" : "testClass",
    "value" : "tests.tech.TechWoLabor"
  }, {
    "name" : "testMethod",
    "value" : "again_Add_AeroDynamicDevice"
  }, {
    "name" : "parentSuite",
    "value" : "Surefire suite"
  }, {
    "name" : "suite",
    "value" : "Surefire test"
  }, {
    "name" : "subSuite",
    "value" : "tests.tech.TechWoLabor"
  }, {
    "name" : "host",
    "value" : "DESKTOP-HN0C78P"
  }, {
    "name" : "thread",
    "value" : "13384@DESKTOP-HN0C78P.main(1)"
  }, {
    "name" : "framework",
    "value" : "testng"
  }, {
    "name" : "language",
    "value" : "java"
  }, {
    "name" : "resultFormat",
    "value" : "allure2"
  } ],
  "parameters" : [ ],
  "links" : [ ],
  "hidden" : true,
  "retry" : true,
  "extra" : {
    "categories" : [ ],
    "tags" : [ ]
  },
  "source" : "3dd433d821eb7ba1.json",
  "parameterValues" : [ ]
}