{
  "uid" : "513f465840429772",
  "name" : "Test_006_verify Warehouse Name",
  "fullName" : "tests.ticket.UnableToRemoveCoreLink_CONVOY.Test_006_verifyWarehouseName",
  "historyId" : "966842a66725c0a75a804113b4368b19",
  "time" : {
    "start" : 1709749222111,
    "stop" : 1709749350272,
    "duration" : 128161
  },
  "description" : "Test Description -verify Warehouse Name ",
  "descriptionHtml" : "<p>Test Description -verify Warehouse Name</p>\n",
  "status" : "failed",
  "statusMessage" : "expected [true] but found [false]",
  "statusTrace" : "java.lang.AssertionError: expected [true] but found [false]\r\n\tat org.testng.Assert.fail(Assert.java:94)\r\n\tat org.testng.Assert.failNotEquals(Assert.java:513)\r\n\tat org.testng.Assert.assertTrue(Assert.java:42)\r\n\tat org.testng.Assert.assertTrue(Assert.java:52)\r\n\tat pages.ticket.UnableToRemoveCoreLink_CONVOY.verifypartdescription(UnableToRemoveCoreLink_CONVOY.java:615)\r\n\tat tests.ticket.UnableToRemoveCoreLink_CONVOY.Test_006_verifyWarehouseName(UnableToRemoveCoreLink_CONVOY.java:70)\r\n\tat java.base/jdk.internal.reflect.DirectMethodHandleAccessor.invoke(DirectMethodHandleAccessor.java:104)\r\n\tat java.base/java.lang.reflect.Method.invoke(Method.java:577)\r\n\tat org.testng.internal.MethodInvocationHelper.invokeMethod(MethodInvocationHelper.java:86)\r\n\tat org.testng.internal.Invoker.invokeMethod(Invoker.java:643)\r\n\tat org.testng.internal.Invoker.invokeTestMethod(Invoker.java:820)\r\n\tat org.testng.internal.Invoker.invokeTestMethods(Invoker.java:1128)\r\n\tat org.testng.internal.TestMethodWorker.invokeTestMethods(TestMethodWorker.java:129)\r\n\tat org.testng.internal.TestMethodWorker.run(TestMethodWorker.java:112)\r\n\tat org.testng.TestRunner.privateRun(TestRunner.java:782)\r\n\tat org.testng.TestRunner.run(TestRunner.java:632)\r\n\tat org.testng.SuiteRunner.runTest(SuiteRunner.java:366)\r\n\tat org.testng.SuiteRunner.runSequentially(SuiteRunner.java:361)\r\n\tat org.testng.SuiteRunner.privateRun(SuiteRunner.java:319)\r\n\tat org.testng.SuiteRunner.run(SuiteRunner.java:268)\r\n\tat org.testng.SuiteRunnerWorker.runSuite(SuiteRunnerWorker.java:52)\r\n\tat org.testng.SuiteRunnerWorker.run(SuiteRunnerWorker.java:86)\r\n\tat org.testng.TestNG.runSuitesSequentially(TestNG.java:1244)\r\n\tat org.testng.TestNG.runSuitesLocally(TestNG.java:1169)\r\n\tat org.testng.TestNG.run(TestNG.java:1064)\r\n\tat org.apache.maven.surefire.testng.TestNGExecutor.run(TestNGExecutor.java:135)\r\n\tat org.apache.maven.surefire.testng.TestNGDirectoryTestSuite.executeSingleClass(TestNGDirectoryTestSuite.java:112)\r\n\tat org.apache.maven.surefire.testng.TestNGDirectoryTestSuite.execute(TestNGDirectoryTestSuite.java:99)\r\n\tat org.apache.maven.surefire.testng.TestNGProvider.invoke(TestNGProvider.java:146)\r\n\tat org.apache.maven.surefire.booter.ForkedBooter.invokeProviderInSameClassLoader(ForkedBooter.java:386)\r\n\tat org.apache.maven.surefire.booter.ForkedBooter.runSuitesInProcess(ForkedBooter.java:323)\r\n\tat org.apache.maven.surefire.booter.ForkedBooter.main(ForkedBooter.java:143)\r\n",
  "flaky" : false,
  "newFailed" : false,
  "beforeStages" : [ {
    "name" : "initialization",
    "time" : {
      "start" : 1709748725659,
      "stop" : 1709748778168,
      "duration" : 52509
    },
    "description" : "",
    "status" : "passed",
    "steps" : [ ],
    "attachments" : [ ],
    "parameters" : [ ],
    "attachmentsCount" : 0,
    "shouldDisplayMessage" : false,
    "hasContent" : false,
    "stepsCount" : 0
  } ],
  "afterStages" : [ {
    "name" : "afterMethodTakeScreenShot",
    "time" : {
      "start" : 1709749350279,
      "stop" : 1709749350624,
      "duration" : 345
    },
    "description" : "",
    "status" : "passed",
    "steps" : [ ],
    "attachments" : [ {
      "uid" : "f3274f531d852bbd",
      "name" : "Page Screenshot",
      "source" : "f3274f531d852bbd.png",
      "type" : "image/png",
      "size" : 65110
    } ],
    "parameters" : [ ],
    "attachmentsCount" : 1,
    "shouldDisplayMessage" : false,
    "hasContent" : true,
    "stepsCount" : 0
  }, {
    "name" : "generateAllure",
    "time" : {
      "start" : 1709749373770,
      "stop" : 1709749373808,
      "duration" : 38
    },
    "description" : "",
    "status" : "broken",
    "statusMessage" : "Cannot run program \"F:\\NewGitFinal\\RefactorScript\\allure-2.13.6\\bin\\allure.bat\": CreateProcess error=2, The system cannot find the file specified",
    "statusTrace" : "java.io.IOException: Cannot run program \"F:\\NewGitFinal\\RefactorScript\\allure-2.13.6\\bin\\allure.bat\": CreateProcess error=2, The system cannot find the file specified\r\n\tat java.base/java.lang.ProcessBuilder.start(ProcessBuilder.java:1143)\r\n\tat java.base/java.lang.ProcessBuilder.start(ProcessBuilder.java:1073)\r\n\tat java.base/java.lang.Runtime.exec(Runtime.java:615)\r\n\tat java.base/java.lang.Runtime.exec(Runtime.java:439)\r\n\tat java.base/java.lang.Runtime.exec(Runtime.java:322)\r\n\tat tests.TestDriverActions.generateAllure(TestDriverActions.java:668)\r\n\tat java.base/jdk.internal.reflect.DirectMethodHandleAccessor.invoke(DirectMethodHandleAccessor.java:104)\r\n\tat java.base/java.lang.reflect.Method.invoke(Method.java:577)\r\n\tat org.testng.internal.MethodInvocationHelper.invokeMethod(MethodInvocationHelper.java:86)\r\n\tat org.testng.internal.Invoker.invokeConfigurationMethod(Invoker.java:514)\r\n\tat org.testng.internal.Invoker.invokeConfigurations(Invoker.java:215)\r\n\tat org.testng.internal.Invoker.invokeConfigurations(Invoker.java:142)\r\n\tat org.testng.SuiteRunner.privateRun(SuiteRunner.java:336)\r\n\tat org.testng.SuiteRunner.run(SuiteRunner.java:268)\r\n\tat org.testng.SuiteRunnerWorker.runSuite(SuiteRunnerWorker.java:52)\r\n\tat org.testng.SuiteRunnerWorker.run(SuiteRunnerWorker.java:86)\r\n\tat org.testng.TestNG.runSuitesSequentially(TestNG.java:1244)\r\n\tat org.testng.TestNG.runSuitesLocally(TestNG.java:1169)\r\n\tat org.testng.TestNG.run(TestNG.java:1064)\r\n\tat org.apache.maven.surefire.testng.TestNGExecutor.run(TestNGExecutor.java:135)\r\n\tat org.apache.maven.surefire.testng.TestNGDirectoryTestSuite.executeSingleClass(TestNGDirectoryTestSuite.java:112)\r\n\tat org.apache.maven.surefire.testng.TestNGDirectoryTestSuite.execute(TestNGDirectoryTestSuite.java:99)\r\n\tat org.apache.maven.surefire.testng.TestNGProvider.invoke(TestNGProvider.java:146)\r\n\tat org.apache.maven.surefire.booter.ForkedBooter.invokeProviderInSameClassLoader(ForkedBooter.java:386)\r\n\tat org.apache.maven.surefire.booter.ForkedBooter.runSuitesInProcess(ForkedBooter.java:323)\r\n\tat org.apache.maven.surefire.booter.ForkedBooter.main(ForkedBooter.java:143)\r\nCaused by: java.io.IOException: CreateProcess error=2, The system cannot find the file specified\r\n\tat java.base/java.lang.ProcessImpl.create(Native Method)\r\n\tat java.base/java.lang.ProcessImpl.<init>(ProcessImpl.java:494)\r\n\tat java.base/java.lang.ProcessImpl.start(ProcessImpl.java:159)\r\n\tat java.base/java.lang.ProcessBuilder.start(ProcessBuilder.java:1110)\r\n\t... 25 more\r\n",
    "steps" : [ ],
    "attachments" : [ ],
    "parameters" : [ ],
    "attachmentsCount" : 0,
    "shouldDisplayMessage" : true,
    "hasContent" : true,
    "stepsCount" : 0
  } ],
  "labels" : [ {
    "name" : "package",
    "value" : "tests.ticket.UnableToRemoveCoreLink_CONVOY"
  }, {
    "name" : "testClass",
    "value" : "tests.ticket.UnableToRemoveCoreLink_CONVOY"
  }, {
    "name" : "testMethod",
    "value" : "Test_006_verifyWarehouseName"
  }, {
    "name" : "parentSuite",
    "value" : "Surefire suite"
  }, {
    "name" : "suite",
    "value" : "Surefire test"
  }, {
    "name" : "subSuite",
    "value" : "tests.ticket.UnableToRemoveCoreLink_CONVOY"
  }, {
    "name" : "host",
    "value" : "DESKTOP-HN0C78P"
  }, {
    "name" : "thread",
    "value" : "18920@DESKTOP-HN0C78P.main(1)"
  }, {
    "name" : "framework",
    "value" : "testng"
  }, {
    "name" : "language",
    "value" : "java"
  }, {
    "name" : "resultFormat",
    "value" : "allure2"
  } ],
  "parameters" : [ ],
  "links" : [ ],
  "hidden" : true,
  "retry" : true,
  "extra" : {
    "categories" : [ ],
    "tags" : [ ]
  },
  "source" : "513f465840429772.json",
  "parameterValues" : [ ]
}