{
  "uid" : "5990d9d0e9f13715",
  "name" : "T_007 Check that add AeroDynamic Device and Delete it from Labour section",
  "fullName" : "tests.tech.TechWoLabor.add_AeroDynamic_Delete_Labour",
  "historyId" : "3d5920d138fe90947db717c310a2f858",
  "time" : {
    "start" : 1709886497530,
    "stop" : 1709886621905,
    "duration" : 124375
  },
  "description" : "Test Description - Check that add AeroDynamic Device and Delete it from Labour section",
  "descriptionHtml" : "<p>Test Description - Check that add AeroDynamic Device and Delete it from Labour section</p>\n",
  "status" : "passed",
  "flaky" : false,
  "newFailed" : false,
  "beforeStages" : [ {
    "name" : "initialization",
    "time" : {
      "start" : 1709885837138,
      "stop" : 1709885885698,
      "duration" : 48560
    },
    "description" : "",
    "status" : "passed",
    "steps" : [ ],
    "attachments" : [ ],
    "parameters" : [ ],
    "attachmentsCount" : 0,
    "shouldDisplayMessage" : false,
    "hasContent" : false,
    "stepsCount" : 0
  } ],
  "testStage" : {
    "description" : "Test Description - Check that add AeroDynamic Device and Delete it from Labour section",
    "status" : "passed",
    "steps" : [ ],
    "attachments" : [ {
      "uid" : "3b77486475322b8e",
      "name" : "Page Screenshot",
      "source" : "3b77486475322b8e.png",
      "type" : "image/png",
      "size" : 90095
    }, {
      "uid" : "3cc7571d10db764a",
      "name" : "Page Screenshot",
      "source" : "3cc7571d10db764a.png",
      "type" : "image/png",
      "size" : 75764
    }, {
      "uid" : "cc3d4b665533a750",
      "name" : "Page Screenshot",
      "source" : "cc3d4b665533a750.png",
      "type" : "image/png",
      "size" : 75764
    }, {
      "uid" : "de49b6c40399f2b2",
      "name" : "Page Screenshot",
      "source" : "de49b6c40399f2b2.png",
      "type" : "image/png",
      "size" : 76936
    }, {
      "uid" : "87e9b077677fd094",
      "name" : "Page Screenshot",
      "source" : "87e9b077677fd094.png",
      "type" : "image/png",
      "size" : 76580
    }, {
      "uid" : "f196908bd33e027f",
      "name" : "Page Screenshot",
      "source" : "f196908bd33e027f.png",
      "type" : "image/png",
      "size" : 83614
    }, {
      "uid" : "ae9550dad0d31cb6",
      "name" : "Page Screenshot",
      "source" : "ae9550dad0d31cb6.png",
      "type" : "image/png",
      "size" : 74137
    } ],
    "parameters" : [ ],
    "attachmentsCount" : 7,
    "shouldDisplayMessage" : false,
    "hasContent" : true,
    "stepsCount" : 0
  },
  "afterStages" : [ {
    "name" : "afterMethodTakeScreenShot",
    "time" : {
      "start" : 1709886621909,
      "stop" : 1709886622063,
      "duration" : 154
    },
    "description" : "",
    "status" : "passed",
    "steps" : [ ],
    "attachments" : [ {
      "uid" : "53f9ef318a15734f",
      "name" : "Page Screenshot",
      "source" : "53f9ef318a15734f.png",
      "type" : "image/png",
      "size" : 74137
    } ],
    "parameters" : [ ],
    "attachmentsCount" : 1,
    "shouldDisplayMessage" : false,
    "hasContent" : true,
    "stepsCount" : 0
  }, {
    "name" : "generateAllure",
    "time" : {
      "start" : 1709887101968,
      "stop" : 1709887102010,
      "duration" : 42
    },
    "description" : "",
    "status" : "broken",
    "statusMessage" : "Cannot run program \"F:\\NewGitFinal\\RefactorScript\\allure-2.13.6\\bin\\allure.bat\": CreateProcess error=2, The system cannot find the file specified",
    "statusTrace" : "java.io.IOException: Cannot run program \"F:\\NewGitFinal\\RefactorScript\\allure-2.13.6\\bin\\allure.bat\": CreateProcess error=2, The system cannot find the file specified\r\n\tat java.base/java.lang.ProcessBuilder.start(ProcessBuilder.java:1143)\r\n\tat java.base/java.lang.ProcessBuilder.start(ProcessBuilder.java:1073)\r\n\tat java.base/java.lang.Runtime.exec(Runtime.java:615)\r\n\tat java.base/java.lang.Runtime.exec(Runtime.java:439)\r\n\tat java.base/java.lang.Runtime.exec(Runtime.java:322)\r\n\tat tests.TestDriverActions.generateAllure(TestDriverActions.java:670)\r\n\tat java.base/jdk.internal.reflect.DirectMethodHandleAccessor.invoke(DirectMethodHandleAccessor.java:104)\r\n\tat java.base/java.lang.reflect.Method.invoke(Method.java:577)\r\n\tat org.testng.internal.MethodInvocationHelper.invokeMethod(MethodInvocationHelper.java:86)\r\n\tat org.testng.internal.Invoker.invokeConfigurationMethod(Invoker.java:514)\r\n\tat org.testng.internal.Invoker.invokeConfigurations(Invoker.java:215)\r\n\tat org.testng.internal.Invoker.invokeConfigurations(Invoker.java:142)\r\n\tat org.testng.SuiteRunner.privateRun(SuiteRunner.java:336)\r\n\tat org.testng.SuiteRunner.run(SuiteRunner.java:268)\r\n\tat org.testng.SuiteRunnerWorker.runSuite(SuiteRunnerWorker.java:52)\r\n\tat org.testng.SuiteRunnerWorker.run(SuiteRunnerWorker.java:86)\r\n\tat org.testng.TestNG.runSuitesSequentially(TestNG.java:1244)\r\n\tat org.testng.TestNG.runSuitesLocally(TestNG.java:1169)\r\n\tat org.testng.TestNG.run(TestNG.java:1064)\r\n\tat org.apache.maven.surefire.testng.TestNGExecutor.run(TestNGExecutor.java:135)\r\n\tat org.apache.maven.surefire.testng.TestNGDirectoryTestSuite.executeSingleClass(TestNGDirectoryTestSuite.java:112)\r\n\tat org.apache.maven.surefire.testng.TestNGDirectoryTestSuite.execute(TestNGDirectoryTestSuite.java:99)\r\n\tat org.apache.maven.surefire.testng.TestNGProvider.invoke(TestNGProvider.java:146)\r\n\tat org.apache.maven.surefire.booter.ForkedBooter.invokeProviderInSameClassLoader(ForkedBooter.java:386)\r\n\tat org.apache.maven.surefire.booter.ForkedBooter.runSuitesInProcess(ForkedBooter.java:323)\r\n\tat org.apache.maven.surefire.booter.ForkedBooter.main(ForkedBooter.java:143)\r\nCaused by: java.io.IOException: CreateProcess error=2, The system cannot find the file specified\r\n\tat java.base/java.lang.ProcessImpl.create(Native Method)\r\n\tat java.base/java.lang.ProcessImpl.<init>(ProcessImpl.java:494)\r\n\tat java.base/java.lang.ProcessImpl.start(ProcessImpl.java:159)\r\n\tat java.base/java.lang.ProcessBuilder.start(ProcessBuilder.java:1110)\r\n\t... 25 more\r\n",
    "steps" : [ ],
    "attachments" : [ ],
    "parameters" : [ ],
    "attachmentsCount" : 0,
    "shouldDisplayMessage" : true,
    "hasContent" : true,
    "stepsCount" : 0
  } ],
  "labels" : [ {
    "name" : "package",
    "value" : "tests.tech.TechWoLabor"
  }, {
    "name" : "testClass",
    "value" : "tests.tech.TechWoLabor"
  }, {
    "name" : "testMethod",
    "value" : "add_AeroDynamic_Delete_Labour"
  }, {
    "name" : "parentSuite",
    "value" : "Surefire suite"
  }, {
    "name" : "suite",
    "value" : "Surefire test"
  }, {
    "name" : "subSuite",
    "value" : "tests.tech.TechWoLabor"
  }, {
    "name" : "host",
    "value" : "DESKTOP-HN0C78P"
  }, {
    "name" : "thread",
    "value" : "15792@DESKTOP-HN0C78P.main(1)"
  }, {
    "name" : "framework",
    "value" : "testng"
  }, {
    "name" : "language",
    "value" : "java"
  }, {
    "name" : "resultFormat",
    "value" : "allure2"
  } ],
  "parameters" : [ ],
  "links" : [ ],
  "hidden" : true,
  "retry" : true,
  "extra" : {
    "categories" : [ ],
    "tags" : [ ]
  },
  "source" : "5990d9d0e9f13715.json",
  "parameterValues" : [ ]
}