{
  "uid" : "75f66396f3f6bd5f",
  "name" : "Test_005_go to Inventory Adjustment",
  "fullName" : "tests.ticket.UnableToRemoveCoreLink_CONVOY.Test_005_gotoInventoryAdjustment",
  "historyId" : "fc258c973b8027ac982098c5247bc672",
  "time" : {
    "start" : 1709788681490,
    "stop" : 1709788746619,
    "duration" : 65129
  },
  "description" : "Test Description -go to Inventory Adjustment ",
  "descriptionHtml" : "<p>Test Description -go to Inventory Adjustment</p>\n",
  "status" : "passed",
  "flaky" : false,
  "newFailed" : false,
  "beforeStages" : [ {
    "name" : "initialization",
    "time" : {
      "start" : 1709788256900,
      "stop" : 1709788302790,
      "duration" : 45890
    },
    "description" : "",
    "status" : "passed",
    "steps" : [ ],
    "attachments" : [ ],
    "parameters" : [ ],
    "attachmentsCount" : 0,
    "shouldDisplayMessage" : false,
    "hasContent" : false,
    "stepsCount" : 0
  } ],
  "afterStages" : [ {
    "name" : "afterMethodTakeScreenShot",
    "time" : {
      "start" : 1709788746628,
      "stop" : 1709788746774,
      "duration" : 146
    },
    "description" : "",
    "status" : "passed",
    "steps" : [ ],
    "attachments" : [ {
      "uid" : "40078c4cfbf7a79b",
      "name" : "Page Screenshot",
      "source" : "40078c4cfbf7a79b.png",
      "type" : "image/png",
      "size" : 68888
    } ],
    "parameters" : [ ],
    "attachmentsCount" : 1,
    "shouldDisplayMessage" : false,
    "hasContent" : true,
    "stepsCount" : 0
  }, {
    "name" : "generateAllure",
    "time" : {
      "start" : 1709788999643,
      "stop" : 1709788999649,
      "duration" : 6
    },
    "description" : "",
    "status" : "broken",
    "statusMessage" : "Cannot run program \"F:\\NewGitFinal\\RefactorScript\\allure-2.13.6\\bin\\allure.bat\": CreateProcess error=2, The system cannot find the file specified",
    "statusTrace" : "java.io.IOException: Cannot run program \"F:\\NewGitFinal\\RefactorScript\\allure-2.13.6\\bin\\allure.bat\": CreateProcess error=2, The system cannot find the file specified\r\n\tat java.base/java.lang.ProcessBuilder.start(ProcessBuilder.java:1143)\r\n\tat java.base/java.lang.ProcessBuilder.start(ProcessBuilder.java:1073)\r\n\tat java.base/java.lang.Runtime.exec(Runtime.java:615)\r\n\tat java.base/java.lang.Runtime.exec(Runtime.java:439)\r\n\tat java.base/java.lang.Runtime.exec(Runtime.java:322)\r\n\tat tests.TestDriverActions.generateAllure(TestDriverActions.java:670)\r\n\tat java.base/jdk.internal.reflect.DirectMethodHandleAccessor.invoke(DirectMethodHandleAccessor.java:104)\r\n\tat java.base/java.lang.reflect.Method.invoke(Method.java:577)\r\n\tat org.testng.internal.MethodInvocationHelper.invokeMethod(MethodInvocationHelper.java:86)\r\n\tat org.testng.internal.Invoker.invokeConfigurationMethod(Invoker.java:514)\r\n\tat org.testng.internal.Invoker.invokeConfigurations(Invoker.java:215)\r\n\tat org.testng.internal.Invoker.invokeConfigurations(Invoker.java:142)\r\n\tat org.testng.SuiteRunner.privateRun(SuiteRunner.java:336)\r\n\tat org.testng.SuiteRunner.run(SuiteRunner.java:268)\r\n\tat org.testng.SuiteRunnerWorker.runSuite(SuiteRunnerWorker.java:52)\r\n\tat org.testng.SuiteRunnerWorker.run(SuiteRunnerWorker.java:86)\r\n\tat org.testng.TestNG.runSuitesSequentially(TestNG.java:1244)\r\n\tat org.testng.TestNG.runSuitesLocally(TestNG.java:1169)\r\n\tat org.testng.TestNG.run(TestNG.java:1064)\r\n\tat org.apache.maven.surefire.testng.TestNGExecutor.run(TestNGExecutor.java:135)\r\n\tat org.apache.maven.surefire.testng.TestNGDirectoryTestSuite.executeSingleClass(TestNGDirectoryTestSuite.java:112)\r\n\tat org.apache.maven.surefire.testng.TestNGDirectoryTestSuite.execute(TestNGDirectoryTestSuite.java:99)\r\n\tat org.apache.maven.surefire.testng.TestNGProvider.invoke(TestNGProvider.java:146)\r\n\tat org.apache.maven.surefire.booter.ForkedBooter.invokeProviderInSameClassLoader(ForkedBooter.java:386)\r\n\tat org.apache.maven.surefire.booter.ForkedBooter.runSuitesInProcess(ForkedBooter.java:323)\r\n\tat org.apache.maven.surefire.booter.ForkedBooter.main(ForkedBooter.java:143)\r\nCaused by: java.io.IOException: CreateProcess error=2, The system cannot find the file specified\r\n\tat java.base/java.lang.ProcessImpl.create(Native Method)\r\n\tat java.base/java.lang.ProcessImpl.<init>(ProcessImpl.java:494)\r\n\tat java.base/java.lang.ProcessImpl.start(ProcessImpl.java:159)\r\n\tat java.base/java.lang.ProcessBuilder.start(ProcessBuilder.java:1110)\r\n\t... 25 more\r\n",
    "steps" : [ ],
    "attachments" : [ ],
    "parameters" : [ ],
    "attachmentsCount" : 0,
    "shouldDisplayMessage" : true,
    "hasContent" : true,
    "stepsCount" : 0
  } ],
  "labels" : [ {
    "name" : "package",
    "value" : "tests.ticket.UnableToRemoveCoreLink_CONVOY"
  }, {
    "name" : "testClass",
    "value" : "tests.ticket.UnableToRemoveCoreLink_CONVOY"
  }, {
    "name" : "testMethod",
    "value" : "Test_005_gotoInventoryAdjustment"
  }, {
    "name" : "parentSuite",
    "value" : "Surefire suite"
  }, {
    "name" : "suite",
    "value" : "Surefire test"
  }, {
    "name" : "subSuite",
    "value" : "tests.ticket.UnableToRemoveCoreLink_CONVOY"
  }, {
    "name" : "host",
    "value" : "DESKTOP-HN0C78P"
  }, {
    "name" : "thread",
    "value" : "9884@DESKTOP-HN0C78P.main(1)"
  }, {
    "name" : "framework",
    "value" : "testng"
  }, {
    "name" : "language",
    "value" : "java"
  }, {
    "name" : "resultFormat",
    "value" : "allure2"
  } ],
  "parameters" : [ ],
  "links" : [ ],
  "hidden" : false,
  "retry" : false,
  "extra" : {
    "severity" : "normal",
    "retries" : [ {
      "uid" : "958592e1afd63f8a",
      "status" : "passed",
      "time" : {
        "start" : 1709787304746,
        "stop" : 1709787370002,
        "duration" : 65256
      }
    }, {
      "uid" : "b27a7cedeffbf2c7",
      "status" : "passed",
      "time" : {
        "start" : 1709785433899,
        "stop" : 1709785499108,
        "duration" : 65209
      }
    }, {
      "uid" : "e1a4533c64ce449f",
      "status" : "passed",
      "time" : {
        "start" : 1709753366261,
        "stop" : 1709753431368,
        "duration" : 65107
      }
    }, {
      "uid" : "1ba40a49401a69bd",
      "status" : "passed",
      "time" : {
        "start" : 1709752480928,
        "stop" : 1709752545900,
        "duration" : 64972
      }
    }, {
      "uid" : "aa1f07eb8e484f64",
      "status" : "broken",
      "statusDetails" : "element click intercepted: Element <a onclick=\"return false\" class=\"x18v\" tabindex=\"-1\" href=\"#\">...</a> is not clickable at point (165, 52). Other element would receive the click: <div class=\"AFModalGlassPane\" style=\"width: 1349px; height: 614px; user-select: none; z-index: 50;\"></div>\n  (Session info: chrome=122.0.6261.95)\nBuild info: version: '4.7.2', revision: '4d4020c3b7'\nSystem info: os.name: 'Windows 10', os.arch: 'amd64', os.version: '10.0', java.version: '18.0.1.1'\nDriver info: org.openqa.selenium.chrome.ChromeDriver\nCommand: [3f0b679ef8a3fe8ccbe6bd16c156a8e3, clickElement {id=f.04C4E8E70FD7B9CE6D80610BDB3F0861.d.B5357D55980FF7543DA78D9D7AD1C38F.e.438}]\nCapabilities {acceptInsecureCerts: false, browserName: chrome, browserVersion: 122.0.6261.95, chrome: {chromedriverVersion: 122.0.6261.94 (880dbf29479c..., userDataDir: C:\\Users\\hp\\AppData\\Local\\T...}, fedcm:accounts: true, goog:chromeOptions: {debuggerAddress: localhost:53635}, networkConnectionEnabled: false, pageLoadStrategy: normal, platformName: WINDOWS, proxy: Proxy(), se:cdp: ws://localhost:53635/devtoo..., se:cdpVersion: 122.0.6261.95, setWindowRect: true, strictFileInteractability: false, timeouts: {implicit: 0, pageLoad: 300000, script: 30000}, unhandledPromptBehavior: dismiss and notify, webauthn:extension:credBlob: true, webauthn:extension:largeBlob: true, webauthn:extension:minPinLength: true, webauthn:extension:prf: true, webauthn:virtualAuthenticators: true}\nElement: [[ChromeDriver: chrome on WINDOWS (3f0b679ef8a3fe8ccbe6bd16c156a8e3)] -> xpath: //table[@class='af_menuBar_items']//table//td//a[text()='Parts']]\nSession ID: 3f0b679ef8a3fe8ccbe6bd16c156a8e3",
      "time" : {
        "start" : 1709751784400,
        "stop" : 1709751790692,
        "duration" : 6292
      }
    }, {
      "uid" : "9f9cf86b25e3b1a2",
      "status" : "passed",
      "time" : {
        "start" : 1709750675977,
        "stop" : 1709750741253,
        "duration" : 65276
      }
    }, {
      "uid" : "f033b2ccdea4c76c",
      "status" : "passed",
      "time" : {
        "start" : 1709749156713,
        "stop" : 1709749221945,
        "duration" : 65232
      }
    }, {
      "uid" : "be1a8113432f8c20",
      "status" : "broken",
      "statusDetails" : "element click intercepted: Element <a onclick=\"return false\" class=\"x18v\" tabindex=\"-1\" href=\"#\">...</a> is not clickable at point (165, 52). Other element would receive the click: <div class=\"AFModalGlassPane\" style=\"width: 1366px; height: 607px; user-select: none; z-index: 26; display: block;\"></div>\n  (Session info: chrome=122.0.6261.95)\nBuild info: version: '4.7.2', revision: '4d4020c3b7'\nSystem info: os.name: 'Windows 10', os.arch: 'amd64', os.version: '10.0', java.version: '18.0.1.1'\nDriver info: org.openqa.selenium.chrome.ChromeDriver\nCommand: [1017a25c0b8eca26fa77f627e660f5ae, clickElement {id=f.43559AB676CBF945267C58E561A75BB3.d.6636E28CE6896D21D28CEBD2D48683D4.e.519}]\nCapabilities {acceptInsecureCerts: false, browserName: chrome, browserVersion: 122.0.6261.95, chrome: {chromedriverVersion: 122.0.6261.94 (880dbf29479c..., userDataDir: C:\\Users\\hp\\AppData\\Local\\T...}, fedcm:accounts: true, goog:chromeOptions: {debuggerAddress: localhost:52523}, networkConnectionEnabled: false, pageLoadStrategy: normal, platformName: WINDOWS, proxy: Proxy(), se:cdp: ws://localhost:52523/devtoo..., se:cdpVersion: 122.0.6261.95, setWindowRect: true, strictFileInteractability: false, timeouts: {implicit: 0, pageLoad: 300000, script: 30000}, unhandledPromptBehavior: dismiss and notify, webauthn:extension:credBlob: true, webauthn:extension:largeBlob: true, webauthn:extension:minPinLength: true, webauthn:extension:prf: true, webauthn:virtualAuthenticators: true}\nElement: [[ChromeDriver: chrome on WINDOWS (1017a25c0b8eca26fa77f627e660f5ae)] -> xpath: //table[@class='af_menuBar_items']//table//td//a[text()='Parts']]\nSession ID: 1017a25c0b8eca26fa77f627e660f5ae",
      "time" : {
        "start" : 1709748429931,
        "stop" : 1709748431179,
        "duration" : 1248
      }
    }, {
      "uid" : "2d83aaa51ed5f8e5",
      "status" : "broken",
      "statusDetails" : "element click intercepted: Element <a onclick=\"return false\" class=\"x18v\" tabindex=\"-1\" href=\"#\">...</a> is not clickable at point (165, 52). Other element would receive the click: <div class=\"AFModalGlassPane\" style=\"width: 1349px; height: 614px; user-select: none; z-index: 50;\"></div>\n  (Session info: chrome=122.0.6261.95)\nBuild info: version: '4.7.2', revision: '4d4020c3b7'\nSystem info: os.name: 'Windows 10', os.arch: 'amd64', os.version: '10.0', java.version: '18.0.1.1'\nDriver info: org.openqa.selenium.chrome.ChromeDriver\nCommand: [de1c2c01933514fc2257af25511f5cb9, clickElement {id=f.E179649059D84C9D7A5E301A507F08F7.d.9A5124E30D8FF835C36B67108EBA07F7.e.434}]\nCapabilities {acceptInsecureCerts: false, browserName: chrome, browserVersion: 122.0.6261.95, chrome: {chromedriverVersion: 122.0.6261.94 (880dbf29479c..., userDataDir: C:\\Users\\hp\\AppData\\Local\\T...}, fedcm:accounts: true, goog:chromeOptions: {debuggerAddress: localhost:52347}, networkConnectionEnabled: false, pageLoadStrategy: normal, platformName: WINDOWS, proxy: Proxy(), se:cdp: ws://localhost:52347/devtoo..., se:cdpVersion: 122.0.6261.95, setWindowRect: true, strictFileInteractability: false, timeouts: {implicit: 0, pageLoad: 300000, script: 30000}, unhandledPromptBehavior: dismiss and notify, webauthn:extension:credBlob: true, webauthn:extension:largeBlob: true, webauthn:extension:minPinLength: true, webauthn:extension:prf: true, webauthn:virtualAuthenticators: true}\nElement: [[ChromeDriver: chrome on WINDOWS (de1c2c01933514fc2257af25511f5cb9)] -> xpath: //table[@class='af_menuBar_items']//table//td//a[text()='Parts']]\nSession ID: de1c2c01933514fc2257af25511f5cb9",
      "time" : {
        "start" : 1709747847472,
        "stop" : 1709747848792,
        "duration" : 1320
      }
    } ],
    "categories" : [ ],
    "tags" : [ ]
  },
  "source" : "75f66396f3f6bd5f.json",
  "parameterValues" : [ ]
}