{
  "uid" : "79b21b0760121db3",
  "name" : "Test_009_click On SignOut () ",
  "fullName" : "tests.ticket.UnableToRemoveCoreLink_CONVOY.Test_008_clickOnSignOut",
  "historyId" : "251c30d75ced0185e2c31d653bf4b559",
  "time" : {
    "start" : 1709788958337,
    "stop" : 1709788999503,
    "duration" : 41166
  },
  "description" : "Test Description -click On Sign Out",
  "descriptionHtml" : "<p>Test Description -click On Sign Out</p>\n",
  "status" : "passed",
  "flaky" : false,
  "newFailed" : false,
  "beforeStages" : [ {
    "name" : "initialization",
    "time" : {
      "start" : 1709788256900,
      "stop" : 1709788302790,
      "duration" : 45890
    },
    "description" : "",
    "status" : "passed",
    "steps" : [ ],
    "attachments" : [ ],
    "parameters" : [ ],
    "attachmentsCount" : 0,
    "shouldDisplayMessage" : false,
    "hasContent" : false,
    "stepsCount" : 0
  } ],
  "testStage" : {
    "description" : "Test Description -click On Sign Out",
    "status" : "passed",
    "steps" : [ ],
    "attachments" : [ {
      "uid" : "a085e3691b16efc3",
      "name" : "Page Screenshot",
      "source" : "a085e3691b16efc3.png",
      "type" : "image/png",
      "size" : 129425
    }, {
      "uid" : "d92714d201a754a2",
      "name" : "Page Screenshot",
      "source" : "d92714d201a754a2.png",
      "type" : "image/png",
      "size" : 12669
    } ],
    "parameters" : [ ],
    "attachmentsCount" : 2,
    "shouldDisplayMessage" : false,
    "hasContent" : true,
    "stepsCount" : 0
  },
  "afterStages" : [ {
    "name" : "afterMethodTakeScreenShot",
    "time" : {
      "start" : 1709788999505,
      "stop" : 1709788999603,
      "duration" : 98
    },
    "description" : "",
    "status" : "passed",
    "steps" : [ ],
    "attachments" : [ {
      "uid" : "a8bd32f41dead9e",
      "name" : "Page Screenshot",
      "source" : "a8bd32f41dead9e.png",
      "type" : "image/png",
      "size" : 12669
    } ],
    "parameters" : [ ],
    "attachmentsCount" : 1,
    "shouldDisplayMessage" : false,
    "hasContent" : true,
    "stepsCount" : 0
  }, {
    "name" : "generateAllure",
    "time" : {
      "start" : 1709788999643,
      "stop" : 1709788999649,
      "duration" : 6
    },
    "description" : "",
    "status" : "broken",
    "statusMessage" : "Cannot run program \"F:\\NewGitFinal\\RefactorScript\\allure-2.13.6\\bin\\allure.bat\": CreateProcess error=2, The system cannot find the file specified",
    "statusTrace" : "java.io.IOException: Cannot run program \"F:\\NewGitFinal\\RefactorScript\\allure-2.13.6\\bin\\allure.bat\": CreateProcess error=2, The system cannot find the file specified\r\n\tat java.base/java.lang.ProcessBuilder.start(ProcessBuilder.java:1143)\r\n\tat java.base/java.lang.ProcessBuilder.start(ProcessBuilder.java:1073)\r\n\tat java.base/java.lang.Runtime.exec(Runtime.java:615)\r\n\tat java.base/java.lang.Runtime.exec(Runtime.java:439)\r\n\tat java.base/java.lang.Runtime.exec(Runtime.java:322)\r\n\tat tests.TestDriverActions.generateAllure(TestDriverActions.java:670)\r\n\tat java.base/jdk.internal.reflect.DirectMethodHandleAccessor.invoke(DirectMethodHandleAccessor.java:104)\r\n\tat java.base/java.lang.reflect.Method.invoke(Method.java:577)\r\n\tat org.testng.internal.MethodInvocationHelper.invokeMethod(MethodInvocationHelper.java:86)\r\n\tat org.testng.internal.Invoker.invokeConfigurationMethod(Invoker.java:514)\r\n\tat org.testng.internal.Invoker.invokeConfigurations(Invoker.java:215)\r\n\tat org.testng.internal.Invoker.invokeConfigurations(Invoker.java:142)\r\n\tat org.testng.SuiteRunner.privateRun(SuiteRunner.java:336)\r\n\tat org.testng.SuiteRunner.run(SuiteRunner.java:268)\r\n\tat org.testng.SuiteRunnerWorker.runSuite(SuiteRunnerWorker.java:52)\r\n\tat org.testng.SuiteRunnerWorker.run(SuiteRunnerWorker.java:86)\r\n\tat org.testng.TestNG.runSuitesSequentially(TestNG.java:1244)\r\n\tat org.testng.TestNG.runSuitesLocally(TestNG.java:1169)\r\n\tat org.testng.TestNG.run(TestNG.java:1064)\r\n\tat org.apache.maven.surefire.testng.TestNGExecutor.run(TestNGExecutor.java:135)\r\n\tat org.apache.maven.surefire.testng.TestNGDirectoryTestSuite.executeSingleClass(TestNGDirectoryTestSuite.java:112)\r\n\tat org.apache.maven.surefire.testng.TestNGDirectoryTestSuite.execute(TestNGDirectoryTestSuite.java:99)\r\n\tat org.apache.maven.surefire.testng.TestNGProvider.invoke(TestNGProvider.java:146)\r\n\tat org.apache.maven.surefire.booter.ForkedBooter.invokeProviderInSameClassLoader(ForkedBooter.java:386)\r\n\tat org.apache.maven.surefire.booter.ForkedBooter.runSuitesInProcess(ForkedBooter.java:323)\r\n\tat org.apache.maven.surefire.booter.ForkedBooter.main(ForkedBooter.java:143)\r\nCaused by: java.io.IOException: CreateProcess error=2, The system cannot find the file specified\r\n\tat java.base/java.lang.ProcessImpl.create(Native Method)\r\n\tat java.base/java.lang.ProcessImpl.<init>(ProcessImpl.java:494)\r\n\tat java.base/java.lang.ProcessImpl.start(ProcessImpl.java:159)\r\n\tat java.base/java.lang.ProcessBuilder.start(ProcessBuilder.java:1110)\r\n\t... 25 more\r\n",
    "steps" : [ ],
    "attachments" : [ ],
    "parameters" : [ ],
    "attachmentsCount" : 0,
    "shouldDisplayMessage" : true,
    "hasContent" : true,
    "stepsCount" : 0
  } ],
  "labels" : [ {
    "name" : "package",
    "value" : "tests.ticket.UnableToRemoveCoreLink_CONVOY"
  }, {
    "name" : "testClass",
    "value" : "tests.ticket.UnableToRemoveCoreLink_CONVOY"
  }, {
    "name" : "testMethod",
    "value" : "Test_008_clickOnSignOut"
  }, {
    "name" : "parentSuite",
    "value" : "Surefire suite"
  }, {
    "name" : "suite",
    "value" : "Surefire test"
  }, {
    "name" : "subSuite",
    "value" : "tests.ticket.UnableToRemoveCoreLink_CONVOY"
  }, {
    "name" : "host",
    "value" : "DESKTOP-HN0C78P"
  }, {
    "name" : "thread",
    "value" : "9884@DESKTOP-HN0C78P.main(1)"
  }, {
    "name" : "framework",
    "value" : "testng"
  }, {
    "name" : "language",
    "value" : "java"
  }, {
    "name" : "resultFormat",
    "value" : "allure2"
  } ],
  "parameters" : [ ],
  "links" : [ ],
  "hidden" : false,
  "retry" : false,
  "extra" : {
    "severity" : "normal",
    "retries" : [ {
      "uid" : "3d30291c60df590d",
      "status" : "passed",
      "time" : {
        "start" : 1709787578955,
        "stop" : 1709787620023,
        "duration" : 41068
      }
    }, {
      "uid" : "a5b80f04dbe12bfb",
      "status" : "broken",
      "statusDetails" : "element click intercepted: Element <a data-afr-tlen=\"8\" id=\"cl1\" class=\"xgn\" onclick=\"this.focus();return false;\" data-afr-fcs=\"true\" href=\"#\">...</a> is not clickable at point (1320, 13). Other element would receive the click: <div class=\"AFModalGlassPane\" style=\"width: 1349px; height: 614px; user-select: none; z-index: 134;\"></div>\n  (Session info: chrome=122.0.6261.95)\nBuild info: version: '4.7.2', revision: '4d4020c3b7'\nSystem info: os.name: 'Windows 10', os.arch: 'amd64', os.version: '10.0', java.version: '18.0.1.1'\nDriver info: org.openqa.selenium.chrome.ChromeDriver\nCommand: [c9628f30fb3417b0482f71f8ac518db5, clickElement {id=f.6F962AD6138DBBBE6FBB9A5DD618DF71.d.672C8C22228F87BE4856C7967F83DB64.e.866}]\nCapabilities {acceptInsecureCerts: false, browserName: chrome, browserVersion: 122.0.6261.95, chrome: {chromedriverVersion: 122.0.6261.94 (880dbf29479c..., userDataDir: C:\\Users\\hp\\AppData\\Local\\T...}, fedcm:accounts: true, goog:chromeOptions: {debuggerAddress: localhost:62439}, networkConnectionEnabled: false, pageLoadStrategy: normal, platformName: WINDOWS, proxy: Proxy(), se:cdp: ws://localhost:62439/devtoo..., se:cdpVersion: 122.0.6261.95, setWindowRect: true, strictFileInteractability: false, timeouts: {implicit: 0, pageLoad: 300000, script: 30000}, unhandledPromptBehavior: dismiss and notify, webauthn:extension:credBlob: true, webauthn:extension:largeBlob: true, webauthn:extension:minPinLength: true, webauthn:extension:prf: true, webauthn:virtualAuthenticators: true}\nElement: [[ChromeDriver: chrome on WINDOWS (c9628f30fb3417b0482f71f8ac518db5)] -> xpath: //a[text()='Sign Out']]\nSession ID: c9628f30fb3417b0482f71f8ac518db5",
      "time" : {
        "start" : 1709785813736,
        "stop" : 1709785835181,
        "duration" : 21445
      }
    }, {
      "uid" : "ae86170b889cf27f",
      "status" : "passed",
      "time" : {
        "start" : 1709752634149,
        "stop" : 1709752675597,
        "duration" : 41448
      }
    }, {
      "uid" : "a841bd048b4bc07a",
      "status" : "broken",
      "statusDetails" : "element click intercepted: Element <a data-afr-tlen=\"8\" id=\"cl1\" class=\"xgn\" onclick=\"this.focus();return false;\" data-afr-fcs=\"true\" href=\"#\">...</a> is not clickable at point (1320, 7). Other element would receive the click: <div class=\"AFModalGlassPane\" style=\"width: 1349px; height: 614px; user-select: none; z-index: 50;\"></div>\n  (Session info: chrome=122.0.6261.95)\nBuild info: version: '4.7.2', revision: '4d4020c3b7'\nSystem info: os.name: 'Windows 10', os.arch: 'amd64', os.version: '10.0', java.version: '18.0.1.1'\nDriver info: org.openqa.selenium.chrome.ChromeDriver\nCommand: [3f0b679ef8a3fe8ccbe6bd16c156a8e3, clickElement {id=f.04C4E8E70FD7B9CE6D80610BDB3F0861.d.B5357D55980FF7543DA78D9D7AD1C38F.e.539}]\nCapabilities {acceptInsecureCerts: false, browserName: chrome, browserVersion: 122.0.6261.95, chrome: {chromedriverVersion: 122.0.6261.94 (880dbf29479c..., userDataDir: C:\\Users\\hp\\AppData\\Local\\T...}, fedcm:accounts: true, goog:chromeOptions: {debuggerAddress: localhost:53635}, networkConnectionEnabled: false, pageLoadStrategy: normal, platformName: WINDOWS, proxy: Proxy(), se:cdp: ws://localhost:53635/devtoo..., se:cdpVersion: 122.0.6261.95, setWindowRect: true, strictFileInteractability: false, timeouts: {implicit: 0, pageLoad: 300000, script: 30000}, unhandledPromptBehavior: dismiss and notify, webauthn:extension:credBlob: true, webauthn:extension:largeBlob: true, webauthn:extension:minPinLength: true, webauthn:extension:prf: true, webauthn:virtualAuthenticators: true}\nElement: [[ChromeDriver: chrome on WINDOWS (3f0b679ef8a3fe8ccbe6bd16c156a8e3)] -> xpath: //a[text()='Sign Out']]\nSession ID: 3f0b679ef8a3fe8ccbe6bd16c156a8e3",
      "time" : {
        "start" : 1709751875070,
        "stop" : 1709751896531,
        "duration" : 21461
      }
    }, {
      "uid" : "96768bb5f67f616",
      "status" : "broken",
      "statusDetails" : "element click intercepted: Element <a data-afr-tlen=\"8\" id=\"cl1\" class=\"xgn\" onclick=\"this.focus();return false;\" data-afr-fcs=\"true\" href=\"#\">...</a> is not clickable at point (1337, 13). Other element would receive the click: <div class=\"AFModalGlassPane\" style=\"width: 1349px; height: 614px; user-select: none; z-index: 138;\"></div>\n  (Session info: chrome=122.0.6261.95)\nBuild info: version: '4.7.2', revision: '4d4020c3b7'\nSystem info: os.name: 'Windows 10', os.arch: 'amd64', os.version: '10.0', java.version: '18.0.1.1'\nDriver info: org.openqa.selenium.chrome.ChromeDriver\nCommand: [15b72c353f451ace80a5eb4c4fbde421, clickElement {id=f.C7DB3A7F81DD9C2E67EB0FF5D5F63E76.d.45880E5CCD13C7F5AEAB5E63BA2203BC.e.613}]\nCapabilities {acceptInsecureCerts: false, browserName: chrome, browserVersion: 122.0.6261.95, chrome: {chromedriverVersion: 122.0.6261.94 (880dbf29479c..., userDataDir: C:\\Users\\hp\\AppData\\Local\\T...}, fedcm:accounts: true, goog:chromeOptions: {debuggerAddress: localhost:53284}, networkConnectionEnabled: false, pageLoadStrategy: normal, platformName: WINDOWS, proxy: Proxy(), se:cdp: ws://localhost:53284/devtoo..., se:cdpVersion: 122.0.6261.95, setWindowRect: true, strictFileInteractability: false, timeouts: {implicit: 0, pageLoad: 300000, script: 30000}, unhandledPromptBehavior: dismiss and notify, webauthn:extension:credBlob: true, webauthn:extension:largeBlob: true, webauthn:extension:minPinLength: true, webauthn:extension:prf: true, webauthn:virtualAuthenticators: true}\nElement: [[ChromeDriver: chrome on WINDOWS (15b72c353f451ace80a5eb4c4fbde421)] -> xpath: //a[text()='Sign Out']]\nSession ID: 15b72c353f451ace80a5eb4c4fbde421",
      "time" : {
        "start" : 1709750785852,
        "stop" : 1709750807300,
        "duration" : 21448
      }
    }, {
      "uid" : "92b7f4ce9ebd02c2",
      "status" : "broken",
      "statusDetails" : "element click intercepted: Element <a data-afr-tlen=\"8\" id=\"cl1\" class=\"xgn\" onclick=\"this.focus();return false;\" data-afr-fcs=\"true\" href=\"#\">...</a> is not clickable at point (1320, 13). Other element would receive the click: <div class=\"AFModalGlassPane\" style=\"width: 1349px; height: 664px; user-select: none; z-index: 106;\"></div>\n  (Session info: chrome=122.0.6261.95)\nBuild info: version: '4.7.2', revision: '4d4020c3b7'\nSystem info: os.name: 'Windows 10', os.arch: 'amd64', os.version: '10.0', java.version: '18.0.1.1'\nDriver info: org.openqa.selenium.chrome.ChromeDriver\nCommand: [80c1a4065a9419f532c65f9c8b564b3f, clickElement {id=f.0E3CC28483BBA4CA3642D4B81B23A5C5.d.B7D7A56EE64711405D312F4406FDA445.e.621}]\nCapabilities {acceptInsecureCerts: false, browserName: chrome, browserVersion: 122.0.6261.95, chrome: {chromedriverVersion: 122.0.6261.94 (880dbf29479c..., userDataDir: C:\\Users\\hp\\AppData\\Local\\T...}, fedcm:accounts: true, goog:chromeOptions: {debuggerAddress: localhost:52651}, networkConnectionEnabled: false, pageLoadStrategy: normal, platformName: WINDOWS, proxy: Proxy(), se:cdp: ws://localhost:52651/devtoo..., se:cdpVersion: 122.0.6261.95, setWindowRect: true, strictFileInteractability: false, timeouts: {implicit: 0, pageLoad: 300000, script: 30000}, unhandledPromptBehavior: dismiss and notify, webauthn:extension:credBlob: true, webauthn:extension:largeBlob: true, webauthn:extension:minPinLength: true, webauthn:extension:prf: true, webauthn:virtualAuthenticators: true}\nElement: [[ChromeDriver: chrome on WINDOWS (80c1a4065a9419f532c65f9c8b564b3f)] -> xpath: //a[text()='Sign Out']]\nSession ID: 80c1a4065a9419f532c65f9c8b564b3f",
      "time" : {
        "start" : 1709749352033,
        "stop" : 1709749373380,
        "duration" : 21347
      }
    } ],
    "categories" : [ ],
    "tags" : [ ]
  },
  "source" : "79b21b0760121db3.json",
  "parameterValues" : [ ]
}