{
  "uid" : "9de3a16138dc993f",
  "name" : "Test_003_verify Required Location ,Location ,Location value",
  "fullName" : "tests.Estimate.SubmitAnEstimateServiceManager.Test_003_RequiredLocation",
  "historyId" : "d5d32a9c1f05c13c8875a96d7a7e4bce",
  "time" : {
    "start" : 1709877209415,
    "stop" : 1709877263830,
    "duration" : 54415
  },
  "description" : "Test Description: veverifyTotalChargeTwo () rify Required Location ,Location ,Location value",
  "descriptionHtml" : "<p>Test Description: veverifyTotalChargeTwo () rify Required Location ,Location ,Location value</p>\n",
  "status" : "passed",
  "flaky" : false,
  "newFailed" : false,
  "beforeStages" : [ {
    "name" : "initialization",
    "time" : {
      "start" : 1709877078413,
      "stop" : 1709877132272,
      "duration" : 53859
    },
    "description" : "",
    "status" : "passed",
    "steps" : [ ],
    "attachments" : [ ],
    "parameters" : [ ],
    "attachmentsCount" : 0,
    "shouldDisplayMessage" : false,
    "hasContent" : false,
    "stepsCount" : 0
  } ],
  "testStage" : {
    "description" : "Test Description: veverifyTotalChargeTwo () rify Required Location ,Location ,Location value",
    "status" : "passed",
    "steps" : [ ],
    "attachments" : [ {
      "uid" : "fc9a609a898af248",
      "name" : "Page Screenshot",
      "source" : "fc9a609a898af248.png",
      "type" : "image/png",
      "size" : 48634
    }, {
      "uid" : "be8f44b379ddcf78",
      "name" : "Page Screenshot",
      "source" : "be8f44b379ddcf78.png",
      "type" : "image/png",
      "size" : 48634
    }, {
      "uid" : "a35a0452dbc1dd37",
      "name" : "Page Screenshot",
      "source" : "a35a0452dbc1dd37.png",
      "type" : "image/png",
      "size" : 48634
    }, {
      "uid" : "826e787d6d7d74a6",
      "name" : "Page Screenshot",
      "source" : "826e787d6d7d74a6.png",
      "type" : "image/png",
      "size" : 48634
    }, {
      "uid" : "f2af6b5a6b418c2",
      "name" : "Page Screenshot",
      "source" : "f2af6b5a6b418c2.png",
      "type" : "image/png",
      "size" : 48634
    }, {
      "uid" : "c115e705bc97dfc",
      "name" : "Page Screenshot",
      "source" : "c115e705bc97dfc.png",
      "type" : "image/png",
      "size" : 48634
    } ],
    "parameters" : [ ],
    "attachmentsCount" : 6,
    "shouldDisplayMessage" : false,
    "hasContent" : true,
    "stepsCount" : 0
  },
  "afterStages" : [ {
    "name" : "afterMethodTakeScreenShot",
    "time" : {
      "start" : 1709877263833,
      "stop" : 1709877263949,
      "duration" : 116
    },
    "description" : "",
    "status" : "passed",
    "steps" : [ ],
    "attachments" : [ {
      "uid" : "c07c6ff45be9ee1a",
      "name" : "Page Screenshot",
      "source" : "c07c6ff45be9ee1a.png",
      "type" : "image/png",
      "size" : 48634
    } ],
    "parameters" : [ ],
    "attachmentsCount" : 1,
    "shouldDisplayMessage" : false,
    "hasContent" : true,
    "stepsCount" : 0
  }, {
    "name" : "generateAllure",
    "time" : {
      "start" : 1709877927654,
      "stop" : 1709877927660,
      "duration" : 6
    },
    "description" : "",
    "status" : "broken",
    "statusMessage" : "Cannot run program \"F:\\NewGitFinal\\RefactorScript\\allure-2.13.6\\bin\\allure.bat\": CreateProcess error=2, The system cannot find the file specified",
    "statusTrace" : "java.io.IOException: Cannot run program \"F:\\NewGitFinal\\RefactorScript\\allure-2.13.6\\bin\\allure.bat\": CreateProcess error=2, The system cannot find the file specified\r\n\tat java.base/java.lang.ProcessBuilder.start(ProcessBuilder.java:1143)\r\n\tat java.base/java.lang.ProcessBuilder.start(ProcessBuilder.java:1073)\r\n\tat java.base/java.lang.Runtime.exec(Runtime.java:615)\r\n\tat java.base/java.lang.Runtime.exec(Runtime.java:439)\r\n\tat java.base/java.lang.Runtime.exec(Runtime.java:322)\r\n\tat tests.TestDriverActions.generateAllure(TestDriverActions.java:670)\r\n\tat java.base/jdk.internal.reflect.DirectMethodHandleAccessor.invoke(DirectMethodHandleAccessor.java:104)\r\n\tat java.base/java.lang.reflect.Method.invoke(Method.java:577)\r\n\tat org.testng.internal.MethodInvocationHelper.invokeMethod(MethodInvocationHelper.java:86)\r\n\tat org.testng.internal.Invoker.invokeConfigurationMethod(Invoker.java:514)\r\n\tat org.testng.internal.Invoker.invokeConfigurations(Invoker.java:215)\r\n\tat org.testng.internal.Invoker.invokeConfigurations(Invoker.java:142)\r\n\tat org.testng.SuiteRunner.privateRun(SuiteRunner.java:336)\r\n\tat org.testng.SuiteRunner.run(SuiteRunner.java:268)\r\n\tat org.testng.SuiteRunnerWorker.runSuite(SuiteRunnerWorker.java:52)\r\n\tat org.testng.SuiteRunnerWorker.run(SuiteRunnerWorker.java:86)\r\n\tat org.testng.TestNG.runSuitesSequentially(TestNG.java:1244)\r\n\tat org.testng.TestNG.runSuitesLocally(TestNG.java:1169)\r\n\tat org.testng.TestNG.run(TestNG.java:1064)\r\n\tat org.apache.maven.surefire.testng.TestNGExecutor.run(TestNGExecutor.java:135)\r\n\tat org.apache.maven.surefire.testng.TestNGDirectoryTestSuite.executeSingleClass(TestNGDirectoryTestSuite.java:112)\r\n\tat org.apache.maven.surefire.testng.TestNGDirectoryTestSuite.execute(TestNGDirectoryTestSuite.java:99)\r\n\tat org.apache.maven.surefire.testng.TestNGProvider.invoke(TestNGProvider.java:146)\r\n\tat org.apache.maven.surefire.booter.ForkedBooter.invokeProviderInSameClassLoader(ForkedBooter.java:386)\r\n\tat org.apache.maven.surefire.booter.ForkedBooter.runSuitesInProcess(ForkedBooter.java:323)\r\n\tat org.apache.maven.surefire.booter.ForkedBooter.main(ForkedBooter.java:143)\r\nCaused by: java.io.IOException: CreateProcess error=2, The system cannot find the file specified\r\n\tat java.base/java.lang.ProcessImpl.create(Native Method)\r\n\tat java.base/java.lang.ProcessImpl.<init>(ProcessImpl.java:494)\r\n\tat java.base/java.lang.ProcessImpl.start(ProcessImpl.java:159)\r\n\tat java.base/java.lang.ProcessBuilder.start(ProcessBuilder.java:1110)\r\n\t... 25 more\r\n",
    "steps" : [ ],
    "attachments" : [ ],
    "parameters" : [ ],
    "attachmentsCount" : 0,
    "shouldDisplayMessage" : true,
    "hasContent" : true,
    "stepsCount" : 0
  } ],
  "labels" : [ {
    "name" : "package",
    "value" : "tests.Estimate.SubmitAnEstimateServiceManager"
  }, {
    "name" : "testClass",
    "value" : "tests.Estimate.SubmitAnEstimateServiceManager"
  }, {
    "name" : "testMethod",
    "value" : "Test_003_RequiredLocation"
  }, {
    "name" : "parentSuite",
    "value" : "Surefire suite"
  }, {
    "name" : "suite",
    "value" : "Surefire test"
  }, {
    "name" : "subSuite",
    "value" : "tests.Estimate.SubmitAnEstimateServiceManager"
  }, {
    "name" : "host",
    "value" : "DESKTOP-HN0C78P"
  }, {
    "name" : "thread",
    "value" : "4940@DESKTOP-HN0C78P.main(1)"
  }, {
    "name" : "framework",
    "value" : "testng"
  }, {
    "name" : "language",
    "value" : "java"
  }, {
    "name" : "resultFormat",
    "value" : "allure2"
  } ],
  "parameters" : [ ],
  "links" : [ ],
  "hidden" : false,
  "retry" : false,
  "extra" : {
    "severity" : "normal",
    "retries" : [ ],
    "categories" : [ ],
    "tags" : [ ]
  },
  "source" : "9de3a16138dc993f.json",
  "parameterValues" : [ ]
}