{
  "uid" : "af31c753d853d558",
  "name" : "T_008 Check that again add Aerodynamic Device ",
  "fullName" : "tests.tech.TechWoLabor.again_Add_AeroDynamicDevice",
  "historyId" : "b31d66ff6eb479f35e77a487416b9cc6",
  "time" : {
    "start" : 1709886622071,
    "stop" : 1709886787535,
    "duration" : 165464
  },
  "description" : "Test Description - Check that again add Aerodynamic Device",
  "descriptionHtml" : "<p>Test Description - Check that again add Aerodynamic Device</p>\n",
  "status" : "passed",
  "flaky" : false,
  "newFailed" : false,
  "beforeStages" : [ {
    "name" : "initialization",
    "time" : {
      "start" : 1709885837138,
      "stop" : 1709885885698,
      "duration" : 48560
    },
    "description" : "",
    "status" : "passed",
    "steps" : [ ],
    "attachments" : [ ],
    "parameters" : [ ],
    "attachmentsCount" : 0,
    "shouldDisplayMessage" : false,
    "hasContent" : false,
    "stepsCount" : 0
  } ],
  "testStage" : {
    "description" : "Test Description - Check that again add Aerodynamic Device",
    "status" : "passed",
    "steps" : [ ],
    "attachments" : [ {
      "uid" : "bb77cdaf88364d0a",
      "name" : "Page Screenshot",
      "source" : "bb77cdaf88364d0a.png",
      "type" : "image/png",
      "size" : 89271
    }, {
      "uid" : "a4e50fb07d237c9a",
      "name" : "Page Screenshot",
      "source" : "a4e50fb07d237c9a.png",
      "type" : "image/png",
      "size" : 89580
    }, {
      "uid" : "3e12e471b3b0a7c9",
      "name" : "Page Screenshot",
      "source" : "3e12e471b3b0a7c9.png",
      "type" : "image/png",
      "size" : 99584
    }, {
      "uid" : "294829f4f3bfa5",
      "name" : "Page Screenshot",
      "source" : "294829f4f3bfa5.png",
      "type" : "image/png",
      "size" : 66820
    }, {
      "uid" : "22c4b5f52148c848",
      "name" : "Page Screenshot",
      "source" : "22c4b5f52148c848.png",
      "type" : "image/png",
      "size" : 85132
    }, {
      "uid" : "7f00f796aea61ed0",
      "name" : "Page Screenshot",
      "source" : "7f00f796aea61ed0.png",
      "type" : "image/png",
      "size" : 85163
    }, {
      "uid" : "e3584270e5c97cef",
      "name" : "Page Screenshot",
      "source" : "e3584270e5c97cef.png",
      "type" : "image/png",
      "size" : 90006
    }, {
      "uid" : "15d9640738dc0d12",
      "name" : "Page Screenshot",
      "source" : "15d9640738dc0d12.png",
      "type" : "image/png",
      "size" : 65978
    }, {
      "uid" : "f3a552de816cb914",
      "name" : "Page Screenshot",
      "source" : "f3a552de816cb914.png",
      "type" : "image/png",
      "size" : 75764
    }, {
      "uid" : "c767bbd322a37c83",
      "name" : "Page Screenshot",
      "source" : "c767bbd322a37c83.png",
      "type" : "image/png",
      "size" : 75764
    }, {
      "uid" : "91f7dace92bd710a",
      "name" : "Page Screenshot",
      "source" : "91f7dace92bd710a.png",
      "type" : "image/png",
      "size" : 82024
    } ],
    "parameters" : [ ],
    "attachmentsCount" : 11,
    "shouldDisplayMessage" : false,
    "hasContent" : true,
    "stepsCount" : 0
  },
  "afterStages" : [ {
    "name" : "afterMethodTakeScreenShot",
    "time" : {
      "start" : 1709886787538,
      "stop" : 1709886787724,
      "duration" : 186
    },
    "description" : "",
    "status" : "passed",
    "steps" : [ ],
    "attachments" : [ {
      "uid" : "41d74df357ca503f",
      "name" : "Page Screenshot",
      "source" : "41d74df357ca503f.png",
      "type" : "image/png",
      "size" : 82024
    } ],
    "parameters" : [ ],
    "attachmentsCount" : 1,
    "shouldDisplayMessage" : false,
    "hasContent" : true,
    "stepsCount" : 0
  }, {
    "name" : "generateAllure",
    "time" : {
      "start" : 1709887101968,
      "stop" : 1709887102010,
      "duration" : 42
    },
    "description" : "",
    "status" : "broken",
    "statusMessage" : "Cannot run program \"F:\\NewGitFinal\\RefactorScript\\allure-2.13.6\\bin\\allure.bat\": CreateProcess error=2, The system cannot find the file specified",
    "statusTrace" : "java.io.IOException: Cannot run program \"F:\\NewGitFinal\\RefactorScript\\allure-2.13.6\\bin\\allure.bat\": CreateProcess error=2, The system cannot find the file specified\r\n\tat java.base/java.lang.ProcessBuilder.start(ProcessBuilder.java:1143)\r\n\tat java.base/java.lang.ProcessBuilder.start(ProcessBuilder.java:1073)\r\n\tat java.base/java.lang.Runtime.exec(Runtime.java:615)\r\n\tat java.base/java.lang.Runtime.exec(Runtime.java:439)\r\n\tat java.base/java.lang.Runtime.exec(Runtime.java:322)\r\n\tat tests.TestDriverActions.generateAllure(TestDriverActions.java:670)\r\n\tat java.base/jdk.internal.reflect.DirectMethodHandleAccessor.invoke(DirectMethodHandleAccessor.java:104)\r\n\tat java.base/java.lang.reflect.Method.invoke(Method.java:577)\r\n\tat org.testng.internal.MethodInvocationHelper.invokeMethod(MethodInvocationHelper.java:86)\r\n\tat org.testng.internal.Invoker.invokeConfigurationMethod(Invoker.java:514)\r\n\tat org.testng.internal.Invoker.invokeConfigurations(Invoker.java:215)\r\n\tat org.testng.internal.Invoker.invokeConfigurations(Invoker.java:142)\r\n\tat org.testng.SuiteRunner.privateRun(SuiteRunner.java:336)\r\n\tat org.testng.SuiteRunner.run(SuiteRunner.java:268)\r\n\tat org.testng.SuiteRunnerWorker.runSuite(SuiteRunnerWorker.java:52)\r\n\tat org.testng.SuiteRunnerWorker.run(SuiteRunnerWorker.java:86)\r\n\tat org.testng.TestNG.runSuitesSequentially(TestNG.java:1244)\r\n\tat org.testng.TestNG.runSuitesLocally(TestNG.java:1169)\r\n\tat org.testng.TestNG.run(TestNG.java:1064)\r\n\tat org.apache.maven.surefire.testng.TestNGExecutor.run(TestNGExecutor.java:135)\r\n\tat org.apache.maven.surefire.testng.TestNGDirectoryTestSuite.executeSingleClass(TestNGDirectoryTestSuite.java:112)\r\n\tat org.apache.maven.surefire.testng.TestNGDirectoryTestSuite.execute(TestNGDirectoryTestSuite.java:99)\r\n\tat org.apache.maven.surefire.testng.TestNGProvider.invoke(TestNGProvider.java:146)\r\n\tat org.apache.maven.surefire.booter.ForkedBooter.invokeProviderInSameClassLoader(ForkedBooter.java:386)\r\n\tat org.apache.maven.surefire.booter.ForkedBooter.runSuitesInProcess(ForkedBooter.java:323)\r\n\tat org.apache.maven.surefire.booter.ForkedBooter.main(ForkedBooter.java:143)\r\nCaused by: java.io.IOException: CreateProcess error=2, The system cannot find the file specified\r\n\tat java.base/java.lang.ProcessImpl.create(Native Method)\r\n\tat java.base/java.lang.ProcessImpl.<init>(ProcessImpl.java:494)\r\n\tat java.base/java.lang.ProcessImpl.start(ProcessImpl.java:159)\r\n\tat java.base/java.lang.ProcessBuilder.start(ProcessBuilder.java:1110)\r\n\t... 25 more\r\n",
    "steps" : [ ],
    "attachments" : [ ],
    "parameters" : [ ],
    "attachmentsCount" : 0,
    "shouldDisplayMessage" : true,
    "hasContent" : true,
    "stepsCount" : 0
  } ],
  "labels" : [ {
    "name" : "package",
    "value" : "tests.tech.TechWoLabor"
  }, {
    "name" : "testClass",
    "value" : "tests.tech.TechWoLabor"
  }, {
    "name" : "testMethod",
    "value" : "again_Add_AeroDynamicDevice"
  }, {
    "name" : "parentSuite",
    "value" : "Surefire suite"
  }, {
    "name" : "suite",
    "value" : "Surefire test"
  }, {
    "name" : "subSuite",
    "value" : "tests.tech.TechWoLabor"
  }, {
    "name" : "host",
    "value" : "DESKTOP-HN0C78P"
  }, {
    "name" : "thread",
    "value" : "15792@DESKTOP-HN0C78P.main(1)"
  }, {
    "name" : "framework",
    "value" : "testng"
  }, {
    "name" : "language",
    "value" : "java"
  }, {
    "name" : "resultFormat",
    "value" : "allure2"
  } ],
  "parameters" : [ ],
  "links" : [ ],
  "hidden" : true,
  "retry" : true,
  "extra" : {
    "categories" : [ ],
    "tags" : [ ]
  },
  "source" : "af31c753d853d558.json",
  "parameterValues" : [ ]
}