{
  "uid" : "b268bcbc83e74309",
  "name" : "generateAllure",
  "fullName" : "tests.TestDriverActions.generateAllure",
  "historyId" : "d5e0567010ef0d28eb3bac53b0cf4aed",
  "time" : {
    "start" : 1709903482366,
    "stop" : 1709903482367,
    "duration" : 1
  },
  "status" : "broken",
  "statusMessage" : "Cannot run program \"F:\\NewGitFinal\\RefactorScript\\allure-2.13.6\\bin\\allure.bat\": CreateProcess error=2, The system cannot find the file specified",
  "statusTrace" : "java.io.IOException: Cannot run program \"F:\\NewGitFinal\\RefactorScript\\allure-2.13.6\\bin\\allure.bat\": CreateProcess error=2, The system cannot find the file specified\r\n\tat java.base/java.lang.ProcessBuilder.start(ProcessBuilder.java:1143)\r\n\tat java.base/java.lang.ProcessBuilder.start(ProcessBuilder.java:1073)\r\n\tat java.base/java.lang.Runtime.exec(Runtime.java:615)\r\n\tat java.base/java.lang.Runtime.exec(Runtime.java:439)\r\n\tat java.base/java.lang.Runtime.exec(Runtime.java:322)\r\n\tat tests.TestDriverActions.generateAllure(TestDriverActions.java:670)\r\n\tat java.base/jdk.internal.reflect.DirectMethodHandleAccessor.invoke(DirectMethodHandleAccessor.java:104)\r\n\tat java.base/java.lang.reflect.Method.invoke(Method.java:577)\r\n\tat org.testng.internal.MethodInvocationHelper.invokeMethod(MethodInvocationHelper.java:86)\r\n\tat org.testng.internal.Invoker.invokeConfigurationMethod(Invoker.java:514)\r\n\tat org.testng.internal.Invoker.invokeConfigurations(Invoker.java:215)\r\n\tat org.testng.internal.Invoker.invokeConfigurations(Invoker.java:142)\r\n\tat org.testng.SuiteRunner.privateRun(SuiteRunner.java:336)\r\n\tat org.testng.SuiteRunner.run(SuiteRunner.java:268)\r\n\tat org.testng.SuiteRunnerWorker.runSuite(SuiteRunnerWorker.java:52)\r\n\tat org.testng.SuiteRunnerWorker.run(SuiteRunnerWorker.java:86)\r\n\tat org.testng.TestNG.runSuitesSequentially(TestNG.java:1244)\r\n\tat org.testng.TestNG.runSuitesLocally(TestNG.java:1169)\r\n\tat org.testng.TestNG.run(TestNG.java:1064)\r\n\tat org.apache.maven.surefire.testng.TestNGExecutor.run(TestNGExecutor.java:135)\r\n\tat org.apache.maven.surefire.testng.TestNGDirectoryTestSuite.executeSingleClass(TestNGDirectoryTestSuite.java:112)\r\n\tat org.apache.maven.surefire.testng.TestNGDirectoryTestSuite.execute(TestNGDirectoryTestSuite.java:99)\r\n\tat org.apache.maven.surefire.testng.TestNGProvider.invoke(TestNGProvider.java:146)\r\n\tat org.apache.maven.surefire.booter.ForkedBooter.invokeProviderInSameClassLoader(ForkedBooter.java:386)\r\n\tat org.apache.maven.surefire.booter.ForkedBooter.runSuitesInProcess(ForkedBooter.java:323)\r\n\tat org.apache.maven.surefire.booter.ForkedBooter.main(ForkedBooter.java:143)\r\nCaused by: java.io.IOException: CreateProcess error=2, The system cannot find the file specified\r\n\tat java.base/java.lang.ProcessImpl.create(Native Method)\r\n\tat java.base/java.lang.ProcessImpl.<init>(ProcessImpl.java:494)\r\n\tat java.base/java.lang.ProcessImpl.start(ProcessImpl.java:159)\r\n\tat java.base/java.lang.ProcessBuilder.start(ProcessBuilder.java:1110)\r\n\t... 25 more\r\n",
  "flaky" : false,
  "newFailed" : false,
  "beforeStages" : [ ],
  "afterStages" : [ ],
  "labels" : [ {
    "name" : "package",
    "value" : "tests.tech.TechWoParts"
  }, {
    "name" : "testClass",
    "value" : "tests.tech.TechWoParts"
  }, {
    "name" : "testMethod",
    "value" : "generateAllure"
  }, {
    "name" : "parentSuite",
    "value" : "Surefire suite"
  }, {
    "name" : "suite",
    "value" : "Surefire test"
  }, {
    "name" : "subSuite",
    "value" : "tests.tech.TechWoParts"
  }, {
    "name" : "host",
    "value" : "DESKTOP-HN0C78P"
  }, {
    "name" : "thread",
    "value" : "17368@DESKTOP-HN0C78P.main(1)"
  }, {
    "name" : "framework",
    "value" : "testng"
  }, {
    "name" : "language",
    "value" : "java"
  }, {
    "name" : "feature",
    "value" : "WoParts Test"
  }, {
    "name" : "epic",
    "value" : "Regression Test"
  }, {
    "name" : "resultFormat",
    "value" : "allure2"
  } ],
  "parameters" : [ ],
  "links" : [ ],
  "hidden" : false,
  "retry" : false,
  "extra" : {
    "severity" : "normal",
    "retries" : [ {
      "uid" : "1b6cba48ca71b150",
      "status" : "broken",
      "statusDetails" : "Cannot run program \"F:\\NewGitFinal\\RefactorScript\\allure-2.13.6\\bin\\allure.bat\": CreateProcess error=2, The system cannot find the file specified",
      "time" : {
        "start" : 1709876567181,
        "stop" : 1709876567181,
        "duration" : 0
      }
    } ],
    "categories" : [ {
      "name" : "Test defects",
      "matchedStatuses" : [ ],
      "flaky" : false
    } ],
    "tags" : [ ]
  },
  "source" : "b268bcbc83e74309.json",
  "parameterValues" : [ ]
}