{
  "uid" : "c73866e4a5124113",
  "name" : "Test_007_go to Part Master",
  "fullName" : "tests.ticket.UnableToRemoveCoreLink_CONVOY.Test_007_gotoPartMaster",
  "historyId" : "cac0b1a4ad5947d31b23238d7ee978d6",
  "time" : {
    "start" : 1709788837581,
    "stop" : 1709788958180,
    "duration" : 120599
  },
  "description" : "Test Description -go to Part Master",
  "descriptionHtml" : "<p>Test Description -go to Part Master</p>\n",
  "status" : "passed",
  "flaky" : false,
  "newFailed" : false,
  "beforeStages" : [ {
    "name" : "initialization",
    "time" : {
      "start" : 1709788256900,
      "stop" : 1709788302790,
      "duration" : 45890
    },
    "description" : "",
    "status" : "passed",
    "steps" : [ ],
    "attachments" : [ ],
    "parameters" : [ ],
    "attachmentsCount" : 0,
    "shouldDisplayMessage" : false,
    "hasContent" : false,
    "stepsCount" : 0
  } ],
  "testStage" : {
    "description" : "Test Description -go to Part Master",
    "status" : "passed",
    "steps" : [ ],
    "attachments" : [ {
      "uid" : "d148bf2f6758ff0f",
      "name" : "Page Screenshot",
      "source" : "d148bf2f6758ff0f.png",
      "type" : "image/png",
      "size" : 130298
    } ],
    "parameters" : [ ],
    "attachmentsCount" : 1,
    "shouldDisplayMessage" : false,
    "hasContent" : true,
    "stepsCount" : 0
  },
  "afterStages" : [ {
    "name" : "afterMethodTakeScreenShot",
    "time" : {
      "start" : 1709788958184,
      "stop" : 1709788958331,
      "duration" : 147
    },
    "description" : "",
    "status" : "passed",
    "steps" : [ ],
    "attachments" : [ {
      "uid" : "ca181e380b2498",
      "name" : "Page Screenshot",
      "source" : "ca181e380b2498.png",
      "type" : "image/png",
      "size" : 146347
    } ],
    "parameters" : [ ],
    "attachmentsCount" : 1,
    "shouldDisplayMessage" : false,
    "hasContent" : true,
    "stepsCount" : 0
  }, {
    "name" : "generateAllure",
    "time" : {
      "start" : 1709788999643,
      "stop" : 1709788999649,
      "duration" : 6
    },
    "description" : "",
    "status" : "broken",
    "statusMessage" : "Cannot run program \"F:\\NewGitFinal\\RefactorScript\\allure-2.13.6\\bin\\allure.bat\": CreateProcess error=2, The system cannot find the file specified",
    "statusTrace" : "java.io.IOException: Cannot run program \"F:\\NewGitFinal\\RefactorScript\\allure-2.13.6\\bin\\allure.bat\": CreateProcess error=2, The system cannot find the file specified\r\n\tat java.base/java.lang.ProcessBuilder.start(ProcessBuilder.java:1143)\r\n\tat java.base/java.lang.ProcessBuilder.start(ProcessBuilder.java:1073)\r\n\tat java.base/java.lang.Runtime.exec(Runtime.java:615)\r\n\tat java.base/java.lang.Runtime.exec(Runtime.java:439)\r\n\tat java.base/java.lang.Runtime.exec(Runtime.java:322)\r\n\tat tests.TestDriverActions.generateAllure(TestDriverActions.java:670)\r\n\tat java.base/jdk.internal.reflect.DirectMethodHandleAccessor.invoke(DirectMethodHandleAccessor.java:104)\r\n\tat java.base/java.lang.reflect.Method.invoke(Method.java:577)\r\n\tat org.testng.internal.MethodInvocationHelper.invokeMethod(MethodInvocationHelper.java:86)\r\n\tat org.testng.internal.Invoker.invokeConfigurationMethod(Invoker.java:514)\r\n\tat org.testng.internal.Invoker.invokeConfigurations(Invoker.java:215)\r\n\tat org.testng.internal.Invoker.invokeConfigurations(Invoker.java:142)\r\n\tat org.testng.SuiteRunner.privateRun(SuiteRunner.java:336)\r\n\tat org.testng.SuiteRunner.run(SuiteRunner.java:268)\r\n\tat org.testng.SuiteRunnerWorker.runSuite(SuiteRunnerWorker.java:52)\r\n\tat org.testng.SuiteRunnerWorker.run(SuiteRunnerWorker.java:86)\r\n\tat org.testng.TestNG.runSuitesSequentially(TestNG.java:1244)\r\n\tat org.testng.TestNG.runSuitesLocally(TestNG.java:1169)\r\n\tat org.testng.TestNG.run(TestNG.java:1064)\r\n\tat org.apache.maven.surefire.testng.TestNGExecutor.run(TestNGExecutor.java:135)\r\n\tat org.apache.maven.surefire.testng.TestNGDirectoryTestSuite.executeSingleClass(TestNGDirectoryTestSuite.java:112)\r\n\tat org.apache.maven.surefire.testng.TestNGDirectoryTestSuite.execute(TestNGDirectoryTestSuite.java:99)\r\n\tat org.apache.maven.surefire.testng.TestNGProvider.invoke(TestNGProvider.java:146)\r\n\tat org.apache.maven.surefire.booter.ForkedBooter.invokeProviderInSameClassLoader(ForkedBooter.java:386)\r\n\tat org.apache.maven.surefire.booter.ForkedBooter.runSuitesInProcess(ForkedBooter.java:323)\r\n\tat org.apache.maven.surefire.booter.ForkedBooter.main(ForkedBooter.java:143)\r\nCaused by: java.io.IOException: CreateProcess error=2, The system cannot find the file specified\r\n\tat java.base/java.lang.ProcessImpl.create(Native Method)\r\n\tat java.base/java.lang.ProcessImpl.<init>(ProcessImpl.java:494)\r\n\tat java.base/java.lang.ProcessImpl.start(ProcessImpl.java:159)\r\n\tat java.base/java.lang.ProcessBuilder.start(ProcessBuilder.java:1110)\r\n\t... 25 more\r\n",
    "steps" : [ ],
    "attachments" : [ ],
    "parameters" : [ ],
    "attachmentsCount" : 0,
    "shouldDisplayMessage" : true,
    "hasContent" : true,
    "stepsCount" : 0
  } ],
  "labels" : [ {
    "name" : "package",
    "value" : "tests.ticket.UnableToRemoveCoreLink_CONVOY"
  }, {
    "name" : "testClass",
    "value" : "tests.ticket.UnableToRemoveCoreLink_CONVOY"
  }, {
    "name" : "testMethod",
    "value" : "Test_007_gotoPartMaster"
  }, {
    "name" : "parentSuite",
    "value" : "Surefire suite"
  }, {
    "name" : "suite",
    "value" : "Surefire test"
  }, {
    "name" : "subSuite",
    "value" : "tests.ticket.UnableToRemoveCoreLink_CONVOY"
  }, {
    "name" : "host",
    "value" : "DESKTOP-HN0C78P"
  }, {
    "name" : "thread",
    "value" : "9884@DESKTOP-HN0C78P.main(1)"
  }, {
    "name" : "framework",
    "value" : "testng"
  }, {
    "name" : "language",
    "value" : "java"
  }, {
    "name" : "resultFormat",
    "value" : "allure2"
  } ],
  "parameters" : [ ],
  "links" : [ ],
  "hidden" : false,
  "retry" : false,
  "extra" : {
    "severity" : "normal",
    "retries" : [ {
      "uid" : "364b97f879c6a0b1",
      "status" : "passed",
      "time" : {
        "start" : 1709787457170,
        "stop" : 1709787578789,
        "duration" : 121619
      }
    }, {
      "uid" : "5ebe9aff273fe5a7",
      "status" : "broken",
      "statusDetails" : "element not interactable\n  (Session info: chrome=122.0.6261.95)\nBuild info: version: '4.7.2', revision: '4d4020c3b7'\nSystem info: os.name: 'Windows 10', os.arch: 'amd64', os.version: '10.0', java.version: '18.0.1.1'\nDriver info: org.openqa.selenium.chrome.ChromeDriver\nCommand: [c9628f30fb3417b0482f71f8ac518db5, clickElement {id=f.6F962AD6138DBBBE6FBB9A5DD618DF71.d.672C8C22228F87BE4856C7967F83DB64.e.865}]\nCapabilities {acceptInsecureCerts: false, browserName: chrome, browserVersion: 122.0.6261.95, chrome: {chromedriverVersion: 122.0.6261.94 (880dbf29479c..., userDataDir: C:\\Users\\hp\\AppData\\Local\\T...}, fedcm:accounts: true, goog:chromeOptions: {debuggerAddress: localhost:62439}, networkConnectionEnabled: false, pageLoadStrategy: normal, platformName: WINDOWS, proxy: Proxy(), se:cdp: ws://localhost:62439/devtoo..., se:cdpVersion: 122.0.6261.95, setWindowRect: true, strictFileInteractability: false, timeouts: {implicit: 0, pageLoad: 300000, script: 30000}, unhandledPromptBehavior: dismiss and notify, webauthn:extension:credBlob: true, webauthn:extension:largeBlob: true, webauthn:extension:minPinLength: true, webauthn:extension:prf: true, webauthn:virtualAuthenticators: true}\nElement: [[ChromeDriver: chrome on WINDOWS (c9628f30fb3417b0482f71f8ac518db5)] -> xpath: (//a[contains(.,'Cancel')]/span)[3]]\nSession ID: c9628f30fb3417b0482f71f8ac518db5",
      "time" : {
        "start" : 1709785586070,
        "stop" : 1709785813306,
        "duration" : 227236
      }
    }, {
      "uid" : "c23d77e983e75837",
      "status" : "broken",
      "statusDetails" : "element click intercepted: Element <a onclick=\"return false\" class=\"x18v\" tabindex=\"-1\" href=\"#\">...</a> is not clickable at point (165, 31). Other element would receive the click: <div id=\"psl2\" class=\"xvq xvc\" style=\"position:absolute;width:auto;height:auto;top:0px;left:0px;bottom:0px;right:0px\">...</div>\n  (Session info: chrome=122.0.6261.95)\nBuild info: version: '4.7.2', revision: '4d4020c3b7'\nSystem info: os.name: 'Windows 10', os.arch: 'amd64', os.version: '10.0', java.version: '18.0.1.1'\nDriver info: org.openqa.selenium.chrome.ChromeDriver\nCommand: [70956fa556b50dac9dbb5182ee5a338f, clickElement {id=f.8C25A165ADB829E1A9297284DC350791.d.878218CD395EBDE0DD8259245743B7B4.e.620}]\nCapabilities {acceptInsecureCerts: false, browserName: chrome, browserVersion: 122.0.6261.95, chrome: {chromedriverVersion: 122.0.6261.94 (880dbf29479c..., userDataDir: C:\\Users\\hp\\AppData\\Local\\T...}, fedcm:accounts: true, goog:chromeOptions: {debuggerAddress: localhost:53797}, networkConnectionEnabled: false, pageLoadStrategy: normal, platformName: WINDOWS, proxy: Proxy(), se:cdp: ws://localhost:53797/devtoo..., se:cdpVersion: 122.0.6261.95, setWindowRect: true, strictFileInteractability: false, timeouts: {implicit: 0, pageLoad: 300000, script: 30000}, unhandledPromptBehavior: dismiss and notify, webauthn:extension:credBlob: true, webauthn:extension:largeBlob: true, webauthn:extension:minPinLength: true, webauthn:extension:prf: true, webauthn:virtualAuthenticators: true}\nElement: [[ChromeDriver: chrome on WINDOWS (70956fa556b50dac9dbb5182ee5a338f)] -> xpath: //table[@class='af_menuBar_items']//table//td//a[text()='Parts']]\nSession ID: 70956fa556b50dac9dbb5182ee5a338f",
      "time" : {
        "start" : 1709752632792,
        "stop" : 1709752634003,
        "duration" : 1211
      }
    }, {
      "uid" : "b26873946725e164",
      "status" : "broken",
      "statusDetails" : "element click intercepted: Element <a onclick=\"return false\" class=\"x18v\" tabindex=\"-1\" href=\"#\">...</a> is not clickable at point (165, 45). Other element would receive the click: <div class=\"AFModalGlassPane\" style=\"width: 1349px; height: 614px; user-select: none; z-index: 50;\"></div>\n  (Session info: chrome=122.0.6261.95)\nBuild info: version: '4.7.2', revision: '4d4020c3b7'\nSystem info: os.name: 'Windows 10', os.arch: 'amd64', os.version: '10.0', java.version: '18.0.1.1'\nDriver info: org.openqa.selenium.chrome.ChromeDriver\nCommand: [3f0b679ef8a3fe8ccbe6bd16c156a8e3, clickElement {id=f.04C4E8E70FD7B9CE6D80610BDB3F0861.d.B5357D55980FF7543DA78D9D7AD1C38F.e.438}]\nCapabilities {acceptInsecureCerts: false, browserName: chrome, browserVersion: 122.0.6261.95, chrome: {chromedriverVersion: 122.0.6261.94 (880dbf29479c..., userDataDir: C:\\Users\\hp\\AppData\\Local\\T...}, fedcm:accounts: true, goog:chromeOptions: {debuggerAddress: localhost:53635}, networkConnectionEnabled: false, pageLoadStrategy: normal, platformName: WINDOWS, proxy: Proxy(), se:cdp: ws://localhost:53635/devtoo..., se:cdpVersion: 122.0.6261.95, setWindowRect: true, strictFileInteractability: false, timeouts: {implicit: 0, pageLoad: 300000, script: 30000}, unhandledPromptBehavior: dismiss and notify, webauthn:extension:credBlob: true, webauthn:extension:largeBlob: true, webauthn:extension:minPinLength: true, webauthn:extension:prf: true, webauthn:virtualAuthenticators: true}\nElement: [[ChromeDriver: chrome on WINDOWS (3f0b679ef8a3fe8ccbe6bd16c156a8e3)] -> xpath: //table[@class='af_menuBar_items']//table//td//a[text()='Parts']]\nSession ID: 3f0b679ef8a3fe8ccbe6bd16c156a8e3",
      "time" : {
        "start" : 1709751873647,
        "stop" : 1709751874890,
        "duration" : 1243
      }
    }, {
      "uid" : "15f56c7ad18d27ee",
      "status" : "broken",
      "statusDetails" : "element click intercepted: Element <a onclick=\"return false\" class=\"x18v\" tabindex=\"-1\" href=\"#\">...</a> is not clickable at point (165, 52). Other element would receive the click: <div class=\"AFModalGlassPane\" style=\"width: 1349px; height: 664px; user-select: none; z-index: 106;\"></div>\n  (Session info: chrome=122.0.6261.95)\nBuild info: version: '4.7.2', revision: '4d4020c3b7'\nSystem info: os.name: 'Windows 10', os.arch: 'amd64', os.version: '10.0', java.version: '18.0.1.1'\nDriver info: org.openqa.selenium.chrome.ChromeDriver\nCommand: [15b72c353f451ace80a5eb4c4fbde421, clickElement {id=f.C7DB3A7F81DD9C2E67EB0FF5D5F63E76.d.45880E5CCD13C7F5AEAB5E63BA2203BC.e.611}]\nCapabilities {acceptInsecureCerts: false, browserName: chrome, browserVersion: 122.0.6261.95, chrome: {chromedriverVersion: 122.0.6261.94 (880dbf29479c..., userDataDir: C:\\Users\\hp\\AppData\\Local\\T...}, fedcm:accounts: true, goog:chromeOptions: {debuggerAddress: localhost:53284}, networkConnectionEnabled: false, pageLoadStrategy: normal, platformName: WINDOWS, proxy: Proxy(), se:cdp: ws://localhost:53284/devtoo..., se:cdpVersion: 122.0.6261.95, setWindowRect: true, strictFileInteractability: false, timeouts: {implicit: 0, pageLoad: 300000, script: 30000}, unhandledPromptBehavior: dismiss and notify, webauthn:extension:credBlob: true, webauthn:extension:largeBlob: true, webauthn:extension:minPinLength: true, webauthn:extension:prf: true, webauthn:virtualAuthenticators: true}\nElement: [[ChromeDriver: chrome on WINDOWS (15b72c353f451ace80a5eb4c4fbde421)] -> xpath: //table[@class='af_menuBar_items']//table//td//a[text()='Parts']]\nSession ID: 15b72c353f451ace80a5eb4c4fbde421",
      "time" : {
        "start" : 1709750783914,
        "stop" : 1709750785609,
        "duration" : 1695
      }
    }, {
      "uid" : "b3d4ff7ea0fdb082",
      "status" : "broken",
      "statusDetails" : "element click intercepted: Element <a onclick=\"return false\" class=\"x18v\" tabindex=\"-1\" href=\"#\">...</a> is not clickable at point (165, 52). Other element would receive the click: <div class=\"AFModalGlassPane\" style=\"width: 1349px; height: 664px; user-select: none; z-index: 106;\"></div>\n  (Session info: chrome=122.0.6261.95)\nBuild info: version: '4.7.2', revision: '4d4020c3b7'\nSystem info: os.name: 'Windows 10', os.arch: 'amd64', os.version: '10.0', java.version: '18.0.1.1'\nDriver info: org.openqa.selenium.chrome.ChromeDriver\nCommand: [80c1a4065a9419f532c65f9c8b564b3f, clickElement {id=f.0E3CC28483BBA4CA3642D4B81B23A5C5.d.B7D7A56EE64711405D312F4406FDA445.e.620}]\nCapabilities {acceptInsecureCerts: false, browserName: chrome, browserVersion: 122.0.6261.95, chrome: {chromedriverVersion: 122.0.6261.94 (880dbf29479c..., userDataDir: C:\\Users\\hp\\AppData\\Local\\T...}, fedcm:accounts: true, goog:chromeOptions: {debuggerAddress: localhost:52651}, networkConnectionEnabled: false, pageLoadStrategy: normal, platformName: WINDOWS, proxy: Proxy(), se:cdp: ws://localhost:52651/devtoo..., se:cdpVersion: 122.0.6261.95, setWindowRect: true, strictFileInteractability: false, timeouts: {implicit: 0, pageLoad: 300000, script: 30000}, unhandledPromptBehavior: dismiss and notify, webauthn:extension:credBlob: true, webauthn:extension:largeBlob: true, webauthn:extension:minPinLength: true, webauthn:extension:prf: true, webauthn:virtualAuthenticators: true}\nElement: [[ChromeDriver: chrome on WINDOWS (80c1a4065a9419f532c65f9c8b564b3f)] -> xpath: //table[@class='af_menuBar_items']//table//td//a[text()='Parts']]\nSession ID: 80c1a4065a9419f532c65f9c8b564b3f",
      "time" : {
        "start" : 1709749350635,
        "stop" : 1709749351890,
        "duration" : 1255
      }
    } ],
    "categories" : [ ],
    "tags" : [ ]
  },
  "source" : "c73866e4a5124113.json",
  "parameterValues" : [ ]
}