{
  "uid" : "d57245bb13ca2f3b",
  "name" : "Test_004_verify required product group",
  "fullName" : "tests.ticket.UnableToRemoveCoreLink_CONVOY.Test_004_RequiredproductGroup",
  "historyId" : "bdef208cb350395272d4814c7f7ca674",
  "time" : {
    "start" : 1709788542356,
    "stop" : 1709788681338,
    "duration" : 138982
  },
  "description" : "Test Description -verify required product group ",
  "descriptionHtml" : "<p>Test Description -verify required product group</p>\n",
  "status" : "passed",
  "flaky" : false,
  "newFailed" : false,
  "beforeStages" : [ {
    "name" : "initialization",
    "time" : {
      "start" : 1709788256900,
      "stop" : 1709788302790,
      "duration" : 45890
    },
    "description" : "",
    "status" : "passed",
    "steps" : [ ],
    "attachments" : [ ],
    "parameters" : [ ],
    "attachmentsCount" : 0,
    "shouldDisplayMessage" : false,
    "hasContent" : false,
    "stepsCount" : 0
  } ],
  "afterStages" : [ {
    "name" : "afterMethodTakeScreenShot",
    "time" : {
      "start" : 1709788681342,
      "stop" : 1709788681484,
      "duration" : 142
    },
    "description" : "",
    "status" : "passed",
    "steps" : [ ],
    "attachments" : [ {
      "uid" : "950e177e5cfb781",
      "name" : "Page Screenshot",
      "source" : "950e177e5cfb781.png",
      "type" : "image/png",
      "size" : 144725
    } ],
    "parameters" : [ ],
    "attachmentsCount" : 1,
    "shouldDisplayMessage" : false,
    "hasContent" : true,
    "stepsCount" : 0
  }, {
    "name" : "generateAllure",
    "time" : {
      "start" : 1709788999643,
      "stop" : 1709788999649,
      "duration" : 6
    },
    "description" : "",
    "status" : "broken",
    "statusMessage" : "Cannot run program \"F:\\NewGitFinal\\RefactorScript\\allure-2.13.6\\bin\\allure.bat\": CreateProcess error=2, The system cannot find the file specified",
    "statusTrace" : "java.io.IOException: Cannot run program \"F:\\NewGitFinal\\RefactorScript\\allure-2.13.6\\bin\\allure.bat\": CreateProcess error=2, The system cannot find the file specified\r\n\tat java.base/java.lang.ProcessBuilder.start(ProcessBuilder.java:1143)\r\n\tat java.base/java.lang.ProcessBuilder.start(ProcessBuilder.java:1073)\r\n\tat java.base/java.lang.Runtime.exec(Runtime.java:615)\r\n\tat java.base/java.lang.Runtime.exec(Runtime.java:439)\r\n\tat java.base/java.lang.Runtime.exec(Runtime.java:322)\r\n\tat tests.TestDriverActions.generateAllure(TestDriverActions.java:670)\r\n\tat java.base/jdk.internal.reflect.DirectMethodHandleAccessor.invoke(DirectMethodHandleAccessor.java:104)\r\n\tat java.base/java.lang.reflect.Method.invoke(Method.java:577)\r\n\tat org.testng.internal.MethodInvocationHelper.invokeMethod(MethodInvocationHelper.java:86)\r\n\tat org.testng.internal.Invoker.invokeConfigurationMethod(Invoker.java:514)\r\n\tat org.testng.internal.Invoker.invokeConfigurations(Invoker.java:215)\r\n\tat org.testng.internal.Invoker.invokeConfigurations(Invoker.java:142)\r\n\tat org.testng.SuiteRunner.privateRun(SuiteRunner.java:336)\r\n\tat org.testng.SuiteRunner.run(SuiteRunner.java:268)\r\n\tat org.testng.SuiteRunnerWorker.runSuite(SuiteRunnerWorker.java:52)\r\n\tat org.testng.SuiteRunnerWorker.run(SuiteRunnerWorker.java:86)\r\n\tat org.testng.TestNG.runSuitesSequentially(TestNG.java:1244)\r\n\tat org.testng.TestNG.runSuitesLocally(TestNG.java:1169)\r\n\tat org.testng.TestNG.run(TestNG.java:1064)\r\n\tat org.apache.maven.surefire.testng.TestNGExecutor.run(TestNGExecutor.java:135)\r\n\tat org.apache.maven.surefire.testng.TestNGDirectoryTestSuite.executeSingleClass(TestNGDirectoryTestSuite.java:112)\r\n\tat org.apache.maven.surefire.testng.TestNGDirectoryTestSuite.execute(TestNGDirectoryTestSuite.java:99)\r\n\tat org.apache.maven.surefire.testng.TestNGProvider.invoke(TestNGProvider.java:146)\r\n\tat org.apache.maven.surefire.booter.ForkedBooter.invokeProviderInSameClassLoader(ForkedBooter.java:386)\r\n\tat org.apache.maven.surefire.booter.ForkedBooter.runSuitesInProcess(ForkedBooter.java:323)\r\n\tat org.apache.maven.surefire.booter.ForkedBooter.main(ForkedBooter.java:143)\r\nCaused by: java.io.IOException: CreateProcess error=2, The system cannot find the file specified\r\n\tat java.base/java.lang.ProcessImpl.create(Native Method)\r\n\tat java.base/java.lang.ProcessImpl.<init>(ProcessImpl.java:494)\r\n\tat java.base/java.lang.ProcessImpl.start(ProcessImpl.java:159)\r\n\tat java.base/java.lang.ProcessBuilder.start(ProcessBuilder.java:1110)\r\n\t... 25 more\r\n",
    "steps" : [ ],
    "attachments" : [ ],
    "parameters" : [ ],
    "attachmentsCount" : 0,
    "shouldDisplayMessage" : true,
    "hasContent" : true,
    "stepsCount" : 0
  } ],
  "labels" : [ {
    "name" : "package",
    "value" : "tests.ticket.UnableToRemoveCoreLink_CONVOY"
  }, {
    "name" : "testClass",
    "value" : "tests.ticket.UnableToRemoveCoreLink_CONVOY"
  }, {
    "name" : "testMethod",
    "value" : "Test_004_RequiredproductGroup"
  }, {
    "name" : "parentSuite",
    "value" : "Surefire suite"
  }, {
    "name" : "suite",
    "value" : "Surefire test"
  }, {
    "name" : "subSuite",
    "value" : "tests.ticket.UnableToRemoveCoreLink_CONVOY"
  }, {
    "name" : "host",
    "value" : "DESKTOP-HN0C78P"
  }, {
    "name" : "thread",
    "value" : "9884@DESKTOP-HN0C78P.main(1)"
  }, {
    "name" : "framework",
    "value" : "testng"
  }, {
    "name" : "language",
    "value" : "java"
  }, {
    "name" : "resultFormat",
    "value" : "allure2"
  } ],
  "parameters" : [ ],
  "links" : [ ],
  "hidden" : false,
  "retry" : false,
  "extra" : {
    "severity" : "normal",
    "retries" : [ {
      "uid" : "36776b4e5d6a0ccc",
      "status" : "passed",
      "time" : {
        "start" : 1709787165471,
        "stop" : 1709787304587,
        "duration" : 139116
      }
    }, {
      "uid" : "650c7a17dd52597c",
      "status" : "passed",
      "time" : {
        "start" : 1709785294664,
        "stop" : 1709785433730,
        "duration" : 139066
      }
    }, {
      "uid" : "153a1c8ed0e09979",
      "status" : "passed",
      "time" : {
        "start" : 1709753227127,
        "stop" : 1709753366097,
        "duration" : 138970
      }
    }, {
      "uid" : "ac061aa24885a95",
      "status" : "passed",
      "time" : {
        "start" : 1709752341753,
        "stop" : 1709752480769,
        "duration" : 139016
      }
    }, {
      "uid" : "8160e34b49bf000d",
      "status" : "broken",
      "statusDetails" : "element click intercepted: Element <a data-afr-tlen=\"0\" id=\"reg0:0:r14:0:rPart:0:cl82core\" class=\"xgn\" onclick=\"this.focus();return false;\" data-afr-fcs=\"true\" href=\"#\">...</a> is not clickable at point (348, 247). Other element would receive the click: <div class=\"AFModalGlassPane\" style=\"width: 1349px; height: 614px; user-select: none; z-index: 50;\"></div>\n  (Session info: chrome=122.0.6261.95)\nBuild info: version: '4.7.2', revision: '4d4020c3b7'\nSystem info: os.name: 'Windows 10', os.arch: 'amd64', os.version: '10.0', java.version: '18.0.1.1'\nDriver info: org.openqa.selenium.chrome.ChromeDriver\nCommand: [3f0b679ef8a3fe8ccbe6bd16c156a8e3, clickElement {id=f.04C4E8E70FD7B9CE6D80610BDB3F0861.d.B5357D55980FF7543DA78D9D7AD1C38F.e.437}]\nCapabilities {acceptInsecureCerts: false, browserName: chrome, browserVersion: 122.0.6261.95, chrome: {chromedriverVersion: 122.0.6261.94 (880dbf29479c..., userDataDir: C:\\Users\\hp\\AppData\\Local\\T...}, fedcm:accounts: true, goog:chromeOptions: {debuggerAddress: localhost:53635}, networkConnectionEnabled: false, pageLoadStrategy: normal, platformName: WINDOWS, proxy: Proxy(), se:cdp: ws://localhost:53635/devtoo..., se:cdpVersion: 122.0.6261.95, setWindowRect: true, strictFileInteractability: false, timeouts: {implicit: 0, pageLoad: 300000, script: 30000}, unhandledPromptBehavior: dismiss and notify, webauthn:extension:credBlob: true, webauthn:extension:largeBlob: true, webauthn:extension:minPinLength: true, webauthn:extension:prf: true, webauthn:virtualAuthenticators: true}\nElement: [[ChromeDriver: chrome on WINDOWS (3f0b679ef8a3fe8ccbe6bd16c156a8e3)] -> xpath: //label[text()='Core Part #:']/parent::td/following-sibling::td/child::a]\nSession ID: 3f0b679ef8a3fe8ccbe6bd16c156a8e3",
      "time" : {
        "start" : 1709751750250,
        "stop" : 1709751784216,
        "duration" : 33966
      }
    }, {
      "uid" : "edbec97ecec4da6a",
      "status" : "passed",
      "time" : {
        "start" : 1709750536769,
        "stop" : 1709750675812,
        "duration" : 139043
      }
    }, {
      "uid" : "944f6a971082ce12",
      "status" : "passed",
      "time" : {
        "start" : 1709749017393,
        "stop" : 1709749156504,
        "duration" : 139111
      }
    }, {
      "uid" : "1cd8eeefdbd3efcd",
      "status" : "passed",
      "time" : {
        "start" : 1709748290611,
        "stop" : 1709748429762,
        "duration" : 139151
      }
    }, {
      "uid" : "93049642c01dfb9",
      "status" : "broken",
      "statusDetails" : "element click intercepted: Element <a data-afr-tlen=\"0\" id=\"reg0:0:r14:0:rPart:0:cl82core\" class=\"xgn\" onclick=\"this.focus();return false;\" data-afr-fcs=\"true\" href=\"#\">...</a> is not clickable at point (348, 247). Other element would receive the click: <div class=\"AFModalGlassPane\" style=\"width: 1349px; height: 614px; user-select: none; z-index: 50;\"></div>\n  (Session info: chrome=122.0.6261.95)\nBuild info: version: '4.7.2', revision: '4d4020c3b7'\nSystem info: os.name: 'Windows 10', os.arch: 'amd64', os.version: '10.0', java.version: '18.0.1.1'\nDriver info: org.openqa.selenium.chrome.ChromeDriver\nCommand: [de1c2c01933514fc2257af25511f5cb9, clickElement {id=f.E179649059D84C9D7A5E301A507F08F7.d.9A5124E30D8FF835C36B67108EBA07F7.e.433}]\nCapabilities {acceptInsecureCerts: false, browserName: chrome, browserVersion: 122.0.6261.95, chrome: {chromedriverVersion: 122.0.6261.94 (880dbf29479c..., userDataDir: C:\\Users\\hp\\AppData\\Local\\T...}, fedcm:accounts: true, goog:chromeOptions: {debuggerAddress: localhost:52347}, networkConnectionEnabled: false, pageLoadStrategy: normal, platformName: WINDOWS, proxy: Proxy(), se:cdp: ws://localhost:52347/devtoo..., se:cdpVersion: 122.0.6261.95, setWindowRect: true, strictFileInteractability: false, timeouts: {implicit: 0, pageLoad: 300000, script: 30000}, unhandledPromptBehavior: dismiss and notify, webauthn:extension:credBlob: true, webauthn:extension:largeBlob: true, webauthn:extension:minPinLength: true, webauthn:extension:prf: true, webauthn:virtualAuthenticators: true}\nElement: [[ChromeDriver: chrome on WINDOWS (de1c2c01933514fc2257af25511f5cb9)] -> xpath: //label[text()='Core Part #:']/parent::td/following-sibling::td/child::a]\nSession ID: de1c2c01933514fc2257af25511f5cb9",
      "time" : {
        "start" : 1709747811883,
        "stop" : 1709747847135,
        "duration" : 35252
      }
    } ],
    "categories" : [ ],
    "tags" : [ ]
  },
  "source" : "d57245bb13ca2f3b.json",
  "parameterValues" : [ ]
}