{
  "uid" : "fce5eada6ec03c17",
  "name" : "Test_011_store LaborCost Header ()",
  "fullName" : "tests.Estimate.SubmitAnEstimateServiceManager.Test_011_storeLaborCostHeader",
  "historyId" : "8a8365cc5daeddb6832480ba184c64d5",
  "time" : {
    "start" : 1709877830785,
    "stop" : 1709877927472,
    "duration" : 96687
  },
  "description" : "Test Description: store Labor CostHeader ()",
  "descriptionHtml" : "<p>Test Description: store Labor CostHeader ()</p>\n",
  "status" : "passed",
  "flaky" : false,
  "newFailed" : false,
  "beforeStages" : [ {
    "name" : "initialization",
    "time" : {
      "start" : 1709877078413,
      "stop" : 1709877132272,
      "duration" : 53859
    },
    "description" : "",
    "status" : "passed",
    "steps" : [ ],
    "attachments" : [ ],
    "parameters" : [ ],
    "attachmentsCount" : 0,
    "shouldDisplayMessage" : false,
    "hasContent" : false,
    "stepsCount" : 0
  } ],
  "testStage" : {
    "description" : "Test Description: store Labor CostHeader ()",
    "status" : "passed",
    "steps" : [ ],
    "attachments" : [ {
      "uid" : "16bb430d5fb5a87d",
      "name" : "Page Screenshot",
      "source" : "16bb430d5fb5a87d.png",
      "type" : "image/png",
      "size" : 57476
    }, {
      "uid" : "6d70eda649469cfa",
      "name" : "Page Screenshot",
      "source" : "6d70eda649469cfa.png",
      "type" : "image/png",
      "size" : 57476
    }, {
      "uid" : "50b16e1d44c712c0",
      "name" : "Page Screenshot",
      "source" : "50b16e1d44c712c0.png",
      "type" : "image/png",
      "size" : 57476
    }, {
      "uid" : "2da7ac64980920bf",
      "name" : "Page Screenshot",
      "source" : "2da7ac64980920bf.png",
      "type" : "image/png",
      "size" : 57476
    }, {
      "uid" : "6cb36801af73883f",
      "name" : "Page Screenshot",
      "source" : "6cb36801af73883f.png",
      "type" : "image/png",
      "size" : 56402
    }, {
      "uid" : "daed91432d2e8bdc",
      "name" : "Page Screenshot",
      "source" : "daed91432d2e8bdc.png",
      "type" : "image/png",
      "size" : 130369
    }, {
      "uid" : "c7c014ee34725b86",
      "name" : "Page Screenshot",
      "source" : "c7c014ee34725b86.png",
      "type" : "image/png",
      "size" : 130316
    }, {
      "uid" : "f11c83e7dffbf0be",
      "name" : "Page Screenshot",
      "source" : "f11c83e7dffbf0be.png",
      "type" : "image/png",
      "size" : 12669
    } ],
    "parameters" : [ ],
    "attachmentsCount" : 8,
    "shouldDisplayMessage" : false,
    "hasContent" : true,
    "stepsCount" : 0
  },
  "afterStages" : [ {
    "name" : "afterMethodTakeScreenShot",
    "time" : {
      "start" : 1709877927475,
      "stop" : 1709877927599,
      "duration" : 124
    },
    "description" : "",
    "status" : "passed",
    "steps" : [ ],
    "attachments" : [ {
      "uid" : "7a622863a054de1b",
      "name" : "Page Screenshot",
      "source" : "7a622863a054de1b.png",
      "type" : "image/png",
      "size" : 12669
    } ],
    "parameters" : [ ],
    "attachmentsCount" : 1,
    "shouldDisplayMessage" : false,
    "hasContent" : true,
    "stepsCount" : 0
  }, {
    "name" : "generateAllure",
    "time" : {
      "start" : 1709877927654,
      "stop" : 1709877927660,
      "duration" : 6
    },
    "description" : "",
    "status" : "broken",
    "statusMessage" : "Cannot run program \"F:\\NewGitFinal\\RefactorScript\\allure-2.13.6\\bin\\allure.bat\": CreateProcess error=2, The system cannot find the file specified",
    "statusTrace" : "java.io.IOException: Cannot run program \"F:\\NewGitFinal\\RefactorScript\\allure-2.13.6\\bin\\allure.bat\": CreateProcess error=2, The system cannot find the file specified\r\n\tat java.base/java.lang.ProcessBuilder.start(ProcessBuilder.java:1143)\r\n\tat java.base/java.lang.ProcessBuilder.start(ProcessBuilder.java:1073)\r\n\tat java.base/java.lang.Runtime.exec(Runtime.java:615)\r\n\tat java.base/java.lang.Runtime.exec(Runtime.java:439)\r\n\tat java.base/java.lang.Runtime.exec(Runtime.java:322)\r\n\tat tests.TestDriverActions.generateAllure(TestDriverActions.java:670)\r\n\tat java.base/jdk.internal.reflect.DirectMethodHandleAccessor.invoke(DirectMethodHandleAccessor.java:104)\r\n\tat java.base/java.lang.reflect.Method.invoke(Method.java:577)\r\n\tat org.testng.internal.MethodInvocationHelper.invokeMethod(MethodInvocationHelper.java:86)\r\n\tat org.testng.internal.Invoker.invokeConfigurationMethod(Invoker.java:514)\r\n\tat org.testng.internal.Invoker.invokeConfigurations(Invoker.java:215)\r\n\tat org.testng.internal.Invoker.invokeConfigurations(Invoker.java:142)\r\n\tat org.testng.SuiteRunner.privateRun(SuiteRunner.java:336)\r\n\tat org.testng.SuiteRunner.run(SuiteRunner.java:268)\r\n\tat org.testng.SuiteRunnerWorker.runSuite(SuiteRunnerWorker.java:52)\r\n\tat org.testng.SuiteRunnerWorker.run(SuiteRunnerWorker.java:86)\r\n\tat org.testng.TestNG.runSuitesSequentially(TestNG.java:1244)\r\n\tat org.testng.TestNG.runSuitesLocally(TestNG.java:1169)\r\n\tat org.testng.TestNG.run(TestNG.java:1064)\r\n\tat org.apache.maven.surefire.testng.TestNGExecutor.run(TestNGExecutor.java:135)\r\n\tat org.apache.maven.surefire.testng.TestNGDirectoryTestSuite.executeSingleClass(TestNGDirectoryTestSuite.java:112)\r\n\tat org.apache.maven.surefire.testng.TestNGDirectoryTestSuite.execute(TestNGDirectoryTestSuite.java:99)\r\n\tat org.apache.maven.surefire.testng.TestNGProvider.invoke(TestNGProvider.java:146)\r\n\tat org.apache.maven.surefire.booter.ForkedBooter.invokeProviderInSameClassLoader(ForkedBooter.java:386)\r\n\tat org.apache.maven.surefire.booter.ForkedBooter.runSuitesInProcess(ForkedBooter.java:323)\r\n\tat org.apache.maven.surefire.booter.ForkedBooter.main(ForkedBooter.java:143)\r\nCaused by: java.io.IOException: CreateProcess error=2, The system cannot find the file specified\r\n\tat java.base/java.lang.ProcessImpl.create(Native Method)\r\n\tat java.base/java.lang.ProcessImpl.<init>(ProcessImpl.java:494)\r\n\tat java.base/java.lang.ProcessImpl.start(ProcessImpl.java:159)\r\n\tat java.base/java.lang.ProcessBuilder.start(ProcessBuilder.java:1110)\r\n\t... 25 more\r\n",
    "steps" : [ ],
    "attachments" : [ ],
    "parameters" : [ ],
    "attachmentsCount" : 0,
    "shouldDisplayMessage" : true,
    "hasContent" : true,
    "stepsCount" : 0
  } ],
  "labels" : [ {
    "name" : "package",
    "value" : "tests.Estimate.SubmitAnEstimateServiceManager"
  }, {
    "name" : "testClass",
    "value" : "tests.Estimate.SubmitAnEstimateServiceManager"
  }, {
    "name" : "testMethod",
    "value" : "Test_011_storeLaborCostHeader"
  }, {
    "name" : "parentSuite",
    "value" : "Surefire suite"
  }, {
    "name" : "suite",
    "value" : "Surefire test"
  }, {
    "name" : "subSuite",
    "value" : "tests.Estimate.SubmitAnEstimateServiceManager"
  }, {
    "name" : "host",
    "value" : "DESKTOP-HN0C78P"
  }, {
    "name" : "thread",
    "value" : "4940@DESKTOP-HN0C78P.main(1)"
  }, {
    "name" : "framework",
    "value" : "testng"
  }, {
    "name" : "language",
    "value" : "java"
  }, {
    "name" : "resultFormat",
    "value" : "allure2"
  } ],
  "parameters" : [ ],
  "links" : [ ],
  "hidden" : false,
  "retry" : false,
  "extra" : {
    "severity" : "normal",
    "retries" : [ ],
    "categories" : [ ],
    "tags" : [ ]
  },
  "source" : "fce5eada6ec03c17.json",
  "parameterValues" : [ ]
}