<?xml version="1.0" encoding="UTF-8"?>
<!-- Generated by org.testng.reporters.JUnitReportReporter -->
<testsuite hostname="DESKTOP-HN0C78P" failures="0" tests="10" name="tests.parts.Spotorderparts" time="72.026" errors="1" timestamp="2024-03-19T21:48:06 IST" skipped="9">
  <testcase classname="tests.parts.Spotorderparts" name="Test_001_gotoOrderPartsScreen" time="0.187">
    <skipped/>
  </testcase> <!-- Test_001_gotoOrderPartsScreen -->
  <testcase classname="tests.parts.Spotorderparts" name="initialization" time="70.109">
    <error message="element not interactable
  (Session info: chrome=122.0.6261.129)
Build info: version: &#039;4.7.2&#039;, revision: &#039;4d4020c3b7&#039;
System info: os.name: &#039;Windows 10&#039;, os.arch: &#039;amd64&#039;, os.version: &#039;10.0&#039;, java.version: &#039;18.0.1.1&#039;
Driver info: org.openqa.selenium.chrome.ChromeDriver
Command: [f44a9b8306f65158fa4f0ea43a51a0ef, clickElement {id=f.5BFE78EF6FA37647615AEF553C1F8B6D.d.791B2E36491503817294AE89458974D0.e.41}]
Capabilities {acceptInsecureCerts: false, browserName: chrome, browserVersion: 122.0.6261.129, chrome: {chromedriverVersion: 122.0.6261.128 (f18a44fedeb..., userDataDir: C:\Users\hp\AppData\Local\T...}, fedcm:accounts: true, goog:chromeOptions: {debuggerAddress: localhost:54514}, networkConnectionEnabled: false, pageLoadStrategy: normal, platformName: WINDOWS, proxy: Proxy(), se:cdp: ws://localhost:54514/devtoo..., se:cdpVersion: 122.0.6261.129, setWindowRect: true, strictFileInteractability: false, timeouts: {implicit: 0, pageLoad: 300000, script: 30000}, unhandledPromptBehavior: dismiss and notify, webauthn:extension:credBlob: true, webauthn:extension:largeBlob: true, webauthn:extension:minPinLength: true, webauthn:extension:prf: true, webauthn:virtualAuthenticators: true}
Element: [[ChromeDriver: chrome on WINDOWS (f44a9b8306f65158fa4f0ea43a51a0ef)] -&gt; xpath: //img[contains(@src,&#039;flag-en_CA&#039;)]]
Session ID: f44a9b8306f65158fa4f0ea43a51a0ef" type="org.openqa.selenium.ElementNotInteractableException">
      <![CDATA[org.openqa.selenium.ElementNotInteractableException: element not interactable
  (Session info: chrome=122.0.6261.129)
Build info: version: '4.7.2', revision: '4d4020c3b7'
System info: os.name: 'Windows 10', os.arch: 'amd64', os.version: '10.0', java.version: '18.0.1.1'
Driver info: org.openqa.selenium.chrome.ChromeDriver
Command: [f44a9b8306f65158fa4f0ea43a51a0ef, clickElement {id=f.5BFE78EF6FA37647615AEF553C1F8B6D.d.791B2E36491503817294AE89458974D0.e.41}]
Capabilities {acceptInsecureCerts: false, browserName: chrome, browserVersion: 122.0.6261.129, chrome: {chromedriverVersion: 122.0.6261.128 (f18a44fedeb..., userDataDir: C:\Users\hp\AppData\Local\T...}, fedcm:accounts: true, goog:chromeOptions: {debuggerAddress: localhost:54514}, networkConnectionEnabled: false, pageLoadStrategy: normal, platformName: WINDOWS, proxy: Proxy(), se:cdp: ws://localhost:54514/devtoo..., se:cdpVersion: 122.0.6261.129, setWindowRect: true, strictFileInteractability: false, timeouts: {implicit: 0, pageLoad: 300000, script: 30000}, unhandledPromptBehavior: dismiss and notify, webauthn:extension:credBlob: true, webauthn:extension:largeBlob: true, webauthn:extension:minPinLength: true, webauthn:extension:prf: true, webauthn:virtualAuthenticators: true}
Element: [[ChromeDriver: chrome on WINDOWS (f44a9b8306f65158fa4f0ea43a51a0ef)] -> xpath: //img[contains(@src,'flag-en_CA')]]
Session ID: f44a9b8306f65158fa4f0ea43a51a0ef
at java.base/jdk.internal.reflect.DirectConstructorHandleAccessor.newInstance(DirectConstructorHandleAccessor.java:67)
at java.base/java.lang.reflect.Constructor.newInstanceWithCaller(Constructor.java:499)
at java.base/java.lang.reflect.Constructor.newInstance(Constructor.java:483)
at org.openqa.selenium.remote.codec.w3c.W3CHttpResponseCodec.createException(W3CHttpResponseCodec.java:200)
at org.openqa.selenium.remote.codec.w3c.W3CHttpResponseCodec.decode(W3CHttpResponseCodec.java:133)
at org.openqa.selenium.remote.codec.w3c.W3CHttpResponseCodec.decode(W3CHttpResponseCodec.java:53)
at org.openqa.selenium.remote.HttpCommandExecutor.execute(HttpCommandExecutor.java:184)
at org.openqa.selenium.remote.service.DriverCommandExecutor.invokeExecute(DriverCommandExecutor.java:167)
at org.openqa.selenium.remote.service.DriverCommandExecutor.execute(DriverCommandExecutor.java:142)
at org.openqa.selenium.remote.RemoteWebDriver.execute(RemoteWebDriver.java:541)
at org.openqa.selenium.remote.RemoteWebElement.execute(RemoteWebElement.java:257)
at org.openqa.selenium.remote.RemoteWebElement.click(RemoteWebElement.java:78)
at java.base/jdk.internal.reflect.DirectMethodHandleAccessor.invoke(DirectMethodHandleAccessor.java:104)
at java.base/java.lang.reflect.Method.invoke(Method.java:577)
at org.openqa.selenium.support.pagefactory.internal.LocatingElementHandler.invoke(LocatingElementHandler.java:52)
at jdk.proxy2/jdk.proxy2.$Proxy20.click(Unknown Source)
at actions.WebElementActions.clickElement(WebElementActions.java:58)
at pages.LoginPage.selectCountryFromDropDown(LoginPage.java:63)
at tests.TestDriverActions.initialization(TestDriverActions.java:318)
at java.base/jdk.internal.reflect.DirectMethodHandleAccessor.invoke(DirectMethodHandleAccessor.java:104)
at java.base/java.lang.reflect.Method.invoke(Method.java:577)
at org.testng.internal.invokers.MethodInvocationHelper.invokeMethod(MethodInvocationHelper.java:139)
at org.testng.internal.invokers.MethodInvocationHelper.invokeMethodConsideringTimeout(MethodInvocationHelper.java:69)
at org.testng.internal.invokers.ConfigInvoker.invokeConfigurationMethod(ConfigInvoker.java:393)
at org.testng.internal.invokers.ConfigInvoker.invokeConfigurations(ConfigInvoker.java:326)
at org.testng.internal.invokers.TestMethodWorker.invokeBeforeClassMethods(TestMethodWorker.java:180)
at org.testng.internal.invokers.TestMethodWorker.run(TestMethodWorker.java:122)
at java.base/java.util.ArrayList.forEach(ArrayList.java:1511)
at org.testng.TestRunner.privateRun(TestRunner.java:819)
at org.testng.TestRunner.run(TestRunner.java:619)
at org.testng.SuiteRunner.runTest(SuiteRunner.java:443)
at org.testng.SuiteRunner$SuiteWorker.run(SuiteRunner.java:481)
at org.testng.internal.thread.ThreadUtil.lambda$execute$0(ThreadUtil.java:58)
at java.base/java.util.concurrent.FutureTask.run(FutureTask.java:264)
at java.base/java.util.concurrent.ThreadPoolExecutor.runWorker(ThreadPoolExecutor.java:1136)
at java.base/java.util.concurrent.ThreadPoolExecutor$Worker.run(ThreadPoolExecutor.java:635)
at java.base/java.lang.Thread.run(Thread.java:833)
]]>
    </error>
  </testcase> <!-- initialization -->
  <testcase classname="tests.parts.Spotorderparts" name="Test_002_clickOnSpotOrder" time="0.113">
    <skipped/>
  </testcase> <!-- Test_002_clickOnSpotOrder -->
  <testcase classname="tests.parts.Spotorderparts" name="Test_003_inputPartialPartNumber" time="0.131">
    <skipped/>
  </testcase> <!-- Test_003_inputPartialPartNumber -->
  <testcase classname="tests.parts.Spotorderparts" name="Test_004_clickOnAddButton" time="0.488">
    <skipped/>
  </testcase> <!-- Test_004_clickOnAddButton -->
  <testcase classname="tests.parts.Spotorderparts" name="Test_005_verifySearchPartDescription" time="0.132">
    <skipped/>
  </testcase> <!-- Test_005_verifySearchPartDescription -->
  <testcase classname="tests.parts.Spotorderparts" name="Test_006_inputCoreParentPart" time="0.134">
    <skipped/>
  </testcase> <!-- Test_006_inputCoreParentPart -->
  <testcase classname="tests.parts.Spotorderparts" name="Test_007_verifyPO" time="0.168">
    <skipped/>
  </testcase> <!-- Test_007_verifyPO -->
  <testcase classname="tests.parts.Spotorderparts" name="Test_008_verifyRequiredPart" time="0.564">
    <skipped/>
  </testcase> <!-- Test_008_verifyRequiredPart -->
  <testcase classname="tests.parts.Spotorderparts" name="Test_009_verifyWarehouseText" time="0.000">
    <skipped/>
  </testcase> <!-- Test_009_verifyWarehouseText -->
</testsuite> <!-- tests.parts.Spotorderparts -->
