<?xml version="1.0" encoding="UTF-8"?>
<!-- Generated by org.testng.reporters.JUnitXMLReporter -->
<testsuite ignored="0" hostname="DESKTOP-HN0C78P" failures="0" tests="9" name="ReceiveParts" time="98.06" errors="0" timestamp="2024-03-20T09:21:25 IST">
  <testcase classname="tests.TestDriverActions" name="@BeforeClass initialization" time="92.739">
    <failure type="org.openqa.selenium.ElementNotInteractableException" message="element not interactable
  (Session info: chrome=122.0.6261.129)
Build info: version: &amp;apos;4.7.2&amp;apos;, revision: &amp;apos;4d4020c3b7&amp;apos;
System info: os.name: &amp;apos;Windows 10&amp;apos;, os.arch: &amp;apos;amd64&amp;apos;, os.version: &amp;apos;10.0&amp;apos;, java.version: &amp;apos;18.0.1.1&amp;apos;
Driver info: org.openqa.selenium.chrome.ChromeDriver
Command: [fe12054e2dab5aa1435d43ef9851da88, clickElement {id=f.2532A08B5E596D03E69BCAFAA223DB91.d.9EFB5C643C1DC39A0F5D984517CDE4E7.e.28}]
Capabilities {acceptInsecureCerts: false, browserName: chrome, browserVersion: 122.0.6261.129, chrome: {chromedriverVersion: 122.0.6261.128 (f18a44fedeb..., userDataDir: C:\Users\hp\AppData\Local\T...}, fedcm:accounts: true, goog:chromeOptions: {debuggerAddress: localhost:54721}, networkConnectionEnabled: false, pageLoadStrategy: normal, platformName: WINDOWS, proxy: Proxy(), se:cdp: ws://localhost:54721/devtoo..., se:cdpVersion: 122.0.6261.129, setWindowRect: true, strictFileInteractability: false, timeouts: {implicit: 0, pageLoad: 300000, script: 30000}, unhandledPromptBehavior: dismiss and notify, webauthn:extension:credBlob: true, webauthn:extension:largeBlob: true, webauthn:extension:minPinLength: true, webauthn:extension:prf: true, webauthn:virtualAuthenticators: true}
Element: [[ChromeDriver: chrome on WINDOWS (fe12054e2dab5aa1435d43ef9851da88)] -&amp;gt; xpath: //img[contains(@src,&amp;apos;flag-en_CA&amp;apos;)]]
Session ID: fe12054e2dab5aa1435d43ef9851da88">
      <![CDATA[org.openqa.selenium.ElementNotInteractableException: element not interactable
  (Session info: chrome=122.0.6261.129)
Build info: version: '4.7.2', revision: '4d4020c3b7'
System info: os.name: 'Windows 10', os.arch: 'amd64', os.version: '10.0', java.version: '18.0.1.1'
Driver info: org.openqa.selenium.chrome.ChromeDriver
Command: [fe12054e2dab5aa1435d43ef9851da88, clickElement {id=f.2532A08B5E596D03E69BCAFAA223DB91.d.9EFB5C643C1DC39A0F5D984517CDE4E7.e.28}]
Capabilities {acceptInsecureCerts: false, browserName: chrome, browserVersion: 122.0.6261.129, chrome: {chromedriverVersion: 122.0.6261.128 (f18a44fedeb..., userDataDir: C:\Users\hp\AppData\Local\T...}, fedcm:accounts: true, goog:chromeOptions: {debuggerAddress: localhost:54721}, networkConnectionEnabled: false, pageLoadStrategy: normal, platformName: WINDOWS, proxy: Proxy(), se:cdp: ws://localhost:54721/devtoo..., se:cdpVersion: 122.0.6261.129, setWindowRect: true, strictFileInteractability: false, timeouts: {implicit: 0, pageLoad: 300000, script: 30000}, unhandledPromptBehavior: dismiss and notify, webauthn:extension:credBlob: true, webauthn:extension:largeBlob: true, webauthn:extension:minPinLength: true, webauthn:extension:prf: true, webauthn:virtualAuthenticators: true}
Element: [[ChromeDriver: chrome on WINDOWS (fe12054e2dab5aa1435d43ef9851da88)] -> xpath: //img[contains(@src,'flag-en_CA')]]
Session ID: fe12054e2dab5aa1435d43ef9851da88
at org.openqa.selenium.remote.codec.w3c.W3CHttpResponseCodec.createException(W3CHttpResponseCodec.java:200)
at org.openqa.selenium.remote.codec.w3c.W3CHttpResponseCodec.decode(W3CHttpResponseCodec.java:133)
at org.openqa.selenium.remote.codec.w3c.W3CHttpResponseCodec.decode(W3CHttpResponseCodec.java:53)
at org.openqa.selenium.remote.HttpCommandExecutor.execute(HttpCommandExecutor.java:184)
at org.openqa.selenium.remote.service.DriverCommandExecutor.invokeExecute(DriverCommandExecutor.java:167)
at org.openqa.selenium.remote.service.DriverCommandExecutor.execute(DriverCommandExecutor.java:142)
at org.openqa.selenium.remote.RemoteWebDriver.execute(RemoteWebDriver.java:541)
at org.openqa.selenium.remote.RemoteWebElement.execute(RemoteWebElement.java:257)
at org.openqa.selenium.remote.RemoteWebElement.click(RemoteWebElement.java:78)
at org.openqa.selenium.support.pagefactory.internal.LocatingElementHandler.invoke(LocatingElementHandler.java:52)
at jdk.proxy2/jdk.proxy2.$Proxy18.click(Unknown Source)
at actions.WebElementActions.clickElement(WebElementActions.java:58)
at pages.LoginPage.selectCountryFromDropDown(LoginPage.java:63)
at tests.TestDriverActions.initialization(TestDriverActions.java:315)
at java.base/java.util.ArrayList.forEach(ArrayList.java:1511)
at java.base/java.util.concurrent.FutureTask.run(FutureTask.java:264)
at java.base/java.util.concurrent.ThreadPoolExecutor.runWorker(ThreadPoolExecutor.java:1136)
at java.base/java.util.concurrent.ThreadPoolExecutor$Worker.run(ThreadPoolExecutor.java:635)
at java.base/java.lang.Thread.run(Thread.java:833)
... Removed 18 stack frames]]>
    </failure>
  </testcase> <!-- @BeforeClass initialization -->
  <testcase classname="tests.parts.ReceiveParts" name="Test_001_gotoReceiveParts" time="0.002">
    <skipped/>
  </testcase> <!-- Test_001_gotoReceiveParts -->
  <testcase classname="tests.parts.ReceiveParts" name="Test_002_clickOnPoNumber" time="0.0">
    <skipped/>
  </testcase> <!-- Test_002_clickOnPoNumber -->
  <testcase classname="tests.parts.ReceiveParts" name="Test_003_verifyPurchesOrder" time="0.0">
    <skipped/>
  </testcase> <!-- Test_003_verifyPurchesOrder -->
  <testcase classname="tests.parts.ReceiveParts" name="Test_004_verifyNotes" time="0.0">
    <skipped/>
  </testcase> <!-- Test_004_verifyNotes -->
  <testcase classname="tests.parts.ReceiveParts" name="Test_005_verifyvoidedDate" time="0.0">
    <skipped/>
  </testcase> <!-- Test_005_verifyvoidedDate -->
  <testcase classname="tests.parts.ReceiveParts" name="Test_006_verifyVendorPart" time="0.0">
    <skipped/>
  </testcase> <!-- Test_006_verifyVendorPart -->
  <testcase classname="tests.parts.ReceiveParts" name="Test_007_verifyLink" time="0.0">
    <skipped/>
  </testcase> <!-- Test_007_verifyLink -->
  <testcase classname="tests.parts.ReceiveParts" name="Test_008_verifyHash" time="0.0">
    <skipped/>
  </testcase> <!-- Test_008_verifyHash -->
  <testcase classname="tests.parts.ReceiveParts" name="Test_009_clickOnCancelButton" time="0.0">
    <skipped/>
  </testcase> <!-- Test_009_clickOnCancelButton -->
</testsuite> <!-- ReceiveParts -->
